$R¦U¦1¦R.I¦Indianapolis 500¦IMS¦Race¦R¦5DF804EF
$E¦U¦2¦R.I¦10¦1¦James Hinchcliffe¦2¦A¦IndyCar¦480¦X2¦D/H/F¦Veteran¦Andretti Autosport¦3¦Honda¦9¦Toronto Canada¦No¦12C
$E¦U¦3¦R.I¦9¦2¦Will Power¦3¦A¦IndyCar¦461¦X2¦D/C/F¦Veteran¦Team Penske¦12¦Chevy¦15¦Toowoomba Australia¦No¦2A
$E¦U¦4¦R.I¦8¦6¦Carlos Munoz¦7¦A¦IndyCar¦704¦X2¦D/H/F¦Veteran¦Andretti HVM Racing¦131¦Honda¦11¦Bogota Colombia¦No¦144
$E¦U¦5¦R.I¦7¦8¦JR Hildebrand¦9¦A¦IndyCar¦443¦X2¦D/C/F¦Veteran¦Ed Carpenter Racing¦139¦Chevy¦32¦Sausalito CA¦No¦1F1
$E¦U¦6¦R.I¦1¦16¦Takuma Sato¦17¦A¦IndyCar¦543¦X2¦D/H/F¦Veteran¦AJ Foyt Enterprises¦2¦Honda¦16¦Tokyo Japan¦No¦2C
$E¦U¦7¦R.I¦4¦17¦Sage Karam¦18¦B¦IndyCar¦538¦X2¦D/C/F¦Veteran¦Dreyer & Reinbold¦7¦Chevy¦28¦Nazerth PA¦No¦3D
$E¦U¦8¦R.I¦6¦20¦Buddy Lazier¦21¦A¦IndyCar¦77¦X2¦D/C/F¦Veteran¦Lazier Partners Racing¦141¦Chevy¦31¦Vail CO¦No¦14D
$E¦U¦9¦R.I¦3¦1D¦Stefan Wilson¦1E¦B¦IndyCar¦500¦X2¦D/C/C/F¦Rookie¦KV Racing Technology¦130¦Chevy¦31¦Sheffield England¦No¦2AD
$E¦U¦A¦R.I¦2¦C¦Jack Hawksworth¦D¦A¦IndyCar¦695¦X2¦D/H/F¦Rookie¦Bryan Herta Autosport¦137¦Honda¦13¦Bradford England¦No¦3F
$E¦U¦B¦R.I¦5¦D¦Justin Wilson¦E¦A¦IndyCar¦466¦X2¦D/H/F¦Veteran¦Dale Coyne Racing¦129¦Honda¦18¦Sheffield England¦No¦30
$T¦U¦C¦R.I¦Indianapolis Motor Speedway¦I¦2.5¦20¦S1¦11856¦SF¦T1¦S2A¦19800¦T1¦SS1¦S2B¦19800¦SS1¦T2¦S3A¦19800¦T2¦BS¦S3B¦19800¦BS¦T3¦S4A¦19800¦T3¦SS2¦S4B¦19800¦SS2¦T4¦S5A¦12672¦T4¦FS¦S5B¦15072¦FS¦SF¦S2¦39600¦T1¦T2¦S3¦39600¦T2¦T3¦S4¦39600¦T3¦T4¦S5¦27744¦T4¦SF¦T1¦1440¦T1T¦T1¦T2¦1440¦T2T¦T2¦T3¦1440¦T3T¦T3¦T4¦1440¦T4T¦T4¦TSF¦1974¦SF¦SFT¦WI1¦16800¦PT3¦PSS2¦WI2¦16800¦PSS2¦PT4¦WI3¦15078¦PT4¦PI¦WO1¦16800¦PO¦PSS1¦WO2¦16800¦PSS1¦PT2¦P1¦12690¦PI¦SFP¦P2¦11874¦SFP¦PO¦L2¦24564¦PI¦PO¦L3¦146544¦PO¦SF¦L4¦145734¦SF¦PI¦L5¦59400¦PO¦BS¦L6¦74478¦BS¦PI¦L7¦133878¦PO¦PI¦PIC¦133878¦PIC¦PI
$H¦N¦D¦R.I¦U¦5DF804EF¦2A1¦C8¦0
$H¦N¦F¦R.I¦U¦5DF804F0¦2A01¦C8¦0
$H¦N¦10¦R.I¦U¦5DF804F1¦5135¦C8¦0
$H¦N¦11¦R.I¦U¦5DF804F2¦784D¦C8¦0
$H¦N¦12¦R.I¦U¦5DF804F3¦9F8B¦C8¦0
$H¦N¦13¦R.I¦U¦5DF804F4¦C69F¦C8¦0
$H¦N¦14¦R.I¦U¦5DF804F5¦EDC4¦C8¦0
$H¦N¦15¦R.I¦U¦5DF804F6¦114D8¦C8¦0
$H¦N¦16¦R.I¦U¦5DF804F7¦13C1B¦C8¦0
$H¦N¦17¦R.I¦U¦5DF804F8¦16335¦C8¦0
$H¦N¦18¦R.I¦U¦5DF804F9¦18A73¦C8¦0
$H¦N¦19¦R.I¦U¦5DF804FA¦1B1B8¦C8¦0
$H¦N¦1A¦R.I¦U¦5DF804FB¦1D8F5¦C8¦0
$H¦N¦1B¦R.I¦U¦5DF804FC¦2000B¦C8¦0
$H¦N¦1C¦R.I¦U¦5DF804FD¦22750¦C8¦0
$H¦N¦1D¦R.I¦U¦5DF804FE¦24E71¦C8¦0
$H¦N¦1E¦R.I¦U¦5DF804FF¦27593¦C8¦0
$H¦N¦1F¦R.I¦U¦5DF80500¦29CBD¦C8¦0
$H¦N¦20¦R.I¦U¦5DF80501¦2C3DD¦C8¦0
$H¦N¦21¦R.I¦U¦5DF80502¦2EB14¦C8¦0
$H¦N¦22¦R.I¦U¦5DF80503¦3123D¦C8¦0
$H¦N¦23¦R.I¦U¦5DF80504¦33955¦C8¦0
$H¦N¦24¦R.I¦U¦5DF80505¦36072¦C8¦0
$H¦N¦25¦R.I¦U¦5DF80506¦387AD¦C8¦0
$H¦N¦26¦R.I¦U¦5DF80507¦3AEF3¦C8¦0
$H¦N¦27¦R.I¦U¦5DF80508¦3D629¦C8¦0
$H¦N¦28¦R.I¦U¦5DF80509¦3FD3E¦C8¦0
$H¦N¦29¦R.I¦U¦5DF8050A¦4247C¦C8¦0
$H¦N¦2A¦R.I¦U¦5DF8050B¦44BAF¦C8¦0
$H¦N¦2B¦R.I¦U¦5DF8050C¦472C4¦C8¦0
$H¦N¦2C¦R.I¦U¦5DF8050D¦49A09¦C8¦0
$H¦N¦2D¦R.I¦U¦5DF8050E¦4C121¦C8¦0
$H¦N¦2E¦R.I¦U¦5DF8050F¦4E836¦C8¦0
$H¦N¦2F¦R.I¦U¦5DF80510¦50F79¦C8¦0
$H¦N¦30¦R.I¦U¦5DF80511¦53695¦C8¦0
$H¦N¦31¦R.I¦U¦5DF80512¦55DD0¦C8¦0
$H¦N¦32¦R.I¦U¦5DF80513¦584FA¦C8¦0
$H¦N¦33¦R.I¦U¦5DF80514¦5AC25¦C8¦0
$H¦N¦34¦R.I¦U¦5DF80515¦5D349¦C8¦0
$H¦N¦35¦R.I¦U¦5DF80516¦5FA7A¦C8¦0
$H¦N¦36¦R.I¦U¦5DF80517¦621AA¦C8¦0
$H¦N¦37¦R.I¦U¦5DF80518¦648D9¦C8¦0
$H¦N¦38¦R.I¦U¦5DF80519¦66FEF¦C8¦0
$C¦U¦D¦R.I¦1¦10¦1¦0¦66FD6¦66FD6¦T¦66FD6¦0¦0¦0¦0¦0¦1¦66FD6¦Active¦G¦0¦0¦1¦1
$H¦N¦3A¦R.I¦U¦5DF8051A¦69703¦C8¦0
$C¦U¦39¦R.I¦2¦9¦2¦0¦6ABC1¦6A372¦T¦6A372¦0¦3BEA¦0¦3BEA¦0¦2¦6A372¦Active¦G¦0¦0¦2¦0
$H¦N¦3C¦R.I¦U¦5DF8051B¦6BE2E¦C8¦0
$H¦N¦3D¦R.I¦U¦5DF8051C¦6E56F¦C8¦0
$C¦U¦3B¦R.I¦3¦8¦6¦0¦70076¦6F335¦T¦6F335¦0¦909F¦0¦54B5¦0¦3¦6F335¦Active¦G¦0¦0¦3¦0
$H¦N¦3F¦R.I¦U¦5DF8051D¦70CA8¦C8¦0
$C¦U¦3E¦R.I¦4¦7¦8¦0¦70B9B¦6F1B1¦T¦6F1B1¦0¦9BC4¦0¦B24¦0¦4¦6F1B1¦Active¦G¦0¦0¦4¦0
$H¦N¦41¦R.I¦U¦5DF8051E¦733ED¦C8¦0
$H¦N¦42¦R.I¦U¦5DF8051F¦75B21¦C8¦0
$H¦N¦43¦R.I¦U¦5DF80520¦7825F¦C8¦0
$C¦U¦40¦R.I¦5¦1¦10¦0¦7865F¦74408¦T¦74408¦0¦11688¦0¦7AC4¦0¦5¦74408¦Active¦G¦0¦0¦A¦0
$H¦N¦45¦R.I¦U¦5DF80521¦7A97E¦C8¦0
$C¦U¦44¦R.I¦6¦4¦11¦0¦7C582¦79279¦T¦79279¦0¦155AB¦0¦3F22¦0¦6¦79279¦Active¦G¦0¦0¦7¦0
$H¦N¦47¦R.I¦U¦5DF80522¦7D0BE¦C8¦0
$H¦N¦48¦R.I¦U¦5DF80523¦7F802¦C8¦0
$C¦U¦46¦R.I¦7¦6¦14¦0¦7F92F¦7E128¦T¦7E128¦0¦18958¦0¦33AD¦0¦7¦7E128¦Active¦G¦0¦0¦5¦0
$F¦U¦49¦R.I¦G¦1¦7FBD9¦1¦0¦0¦0¦0¦10¦0¦106.674
$H¦N¦4B¦R.I¦U¦5DF80524¦81F21¦C8¦0
$H¦N¦4C¦R.I¦U¦5DF80525¦8463B¦C8¦0
$H¦N¦4D¦R.I¦U¦5DF80526¦86D7C¦C8¦0
$H¦N¦4E¦R.I¦U¦5DF80527¦894C1¦C8¦0
$H¦N¦4F¦R.I¦U¦5DF80528¦8BBF3¦C8¦0
$H¦N¦50¦R.I¦U¦5DF80529¦8E327¦C8¦0
$H¦N¦51¦R.I¦U¦5DF8052A¦90A45¦C8¦0
$H¦N¦52¦R.I¦U¦5DF8052B¦93178¦C8¦0
$H¦N¦53¦R.I¦U¦5DF8052C¦958B1¦C8¦0
$H¦N¦54¦R.I¦U¦5DF8052D¦97FDF¦C8¦0
$H¦N¦55¦R.I¦U¦5DF8052E¦9A71A¦C8¦0
$H¦N¦56¦R.I¦U¦5DF8052F¦9CE50¦C8¦0
$H¦N¦57¦R.I¦U¦5DF80530¦9F595¦C8¦0
$H¦N¦58¦R.I¦U¦5DF80531¦A1CDB¦C8¦0
$H¦N¦59¦R.I¦U¦5DF80532¦A4418¦C8¦0
$H¦N¦5A¦R.I¦U¦5DF80534¦A6B33¦C8¦0
$H¦N¦5B¦R.I¦U¦5DF80535¦A924F¦C8¦0
$H¦N¦5C¦R.I¦U¦5DF80536¦AB96A¦C8¦0
$H¦N¦5D¦R.I¦U¦5DF80537¦AE09A¦C8¦0
$H¦N¦5E¦R.I¦U¦5DF80538¦B07BF¦C8¦0
$H¦N¦5F¦R.I¦U¦5DF80539¦B2F01¦C8¦0
$H¦N¦60¦R.I¦U¦5DF8053A¦B5646¦C8¦0
$H¦N¦61¦R.I¦U¦5DF8053B¦B7D77¦C8¦0
$H¦N¦62¦R.I¦U¦5DF8053C¦BA4AA¦C8¦0
$H¦N¦63¦R.I¦U¦5DF8053D¦BCBE0¦C8¦0
$H¦N¦64¦R.I¦U¦5DF8053E¦BF326¦C8¦0
$H¦N¦65¦R.I¦U¦5DF8053F¦C1A3D¦C8¦0
$H¦N¦66¦R.I¦U¦5DF80540¦C4169¦C8¦0
$H¦N¦67¦R.I¦U¦5DF80541¦C68AE¦C8¦0
$H¦N¦68¦R.I¦U¦5DF80542¦C8FC9¦C8¦0
$H¦N¦69¦R.I¦U¦5DF80543¦CB6F2¦C8¦0
$H¦N¦6A¦R.I¦U¦5DF80544¦CDE35¦C8¦0
$C¦U¦4A¦R.I¦1¦10¦1¦1¦CDFAD¦66FD6¦T¦66FD6¦1¦0¦0¦0¦0¦1¦66FD6¦Active¦G¦0¦0¦1¦2
$H¦N¦6C¦R.I¦U¦5DF80545¦D0571¦C8¦0
$H¦N¦6D¦R.I¦U¦5DF80546¦D2CA7¦C8¦0
$C¦U¦6B¦R.I¦2¦9¦2¦1¦D4A2B¦69E6A¦T¦69E6A¦1¦6A7E¦0¦6A7E¦0¦2¦69E6A¦Active¦G¦0¦0¦2¦0
$H¦N¦6F¦R.I¦U¦5DF80547¦D53E5¦C8¦0
$C¦U¦6E¦R.I¦3¦7¦8¦1¦D6406¦6586B¦T¦6586B¦1¦8459¦0¦19DA¦0¦3¦6586B¦Active¦G¦0¦0¦4¦0
$H¦N¦71¦R.I¦U¦5DF80548¦D7B22¦C8¦0
$C¦U¦70¦R.I¦4¦8¦6¦1¦D80EA¦68073¦T¦68073¦1¦A13C¦0¦1CE3¦0¦4¦68073¦Active¦G¦0¦0¦3¦0
$H¦N¦73¦R.I¦U¦5DF80549¦DA24E¦C8¦0
$H¦N¦74¦R.I¦U¦5DF8054A¦DC98B¦C8¦0
$C¦U¦72¦R.I¦5¦1¦10¦1¦DE556¦65EF6¦T¦65EF6¦1¦105A8¦0¦646C¦0¦5¦65EF6¦Active¦G¦0¦0¦A¦0
$H¦N¦76¦R.I¦U¦5DF8054B¦DF0A8¦C8¦0
$H¦N¦77¦R.I¦U¦5DF8054C¦E17E8¦C8¦0
$C¦U¦75¦R.I¦6¦4¦11¦1¦E1634¦650B2¦T¦650B2¦1¦13687¦0¦30DE¦0¦6¦650B2¦Active¦G¦0¦0¦7¦0
$H¦N¦79¦R.I¦U¦5DF8054D¦E3EFC¦C8¦0
$C¦U¦78¦R.I¦7¦6¦14¦1¦E56BA¦65D8B¦T¦65D8B¦1¦1770D¦0¦4086¦0¦7¦65D8B¦Active¦G¦0¦0¦5¦0
$F¦U¦7A¦R.I¦G¦2¦E5805¦2¦0¦0¦0¦0¦10¦0¦142.232
$H¦N¦7C¦R.I¦U¦5DF8054E¦E6641¦C8¦0
$H¦N¦7D¦R.I¦U¦5DF8054F¦E8D53¦C8¦0
$H¦N¦7E¦R.I¦U¦5DF80550¦EB46C¦C8¦0
$H¦N¦7F¦R.I¦U¦5DF80551¦EDBB2¦C8¦0
$H¦N¦80¦R.I¦U¦5DF80552¦F02F7¦C8¦0
$H¦N¦81¦R.I¦U¦5DF80553¦F2A33¦C8¦0
$H¦N¦82¦R.I¦U¦5DF80554¦F5172¦C8¦0
$H¦N¦83¦R.I¦U¦5DF80555¦F7891¦C8¦0
$H¦N¦84¦R.I¦U¦5DF80556¦F9FD0¦C8¦0
$H¦N¦85¦R.I¦U¦5DF80557¦FC6E5¦C8¦0
$H¦N¦86¦R.I¦U¦5DF80558¦FEE24¦C8¦0
$H¦N¦87¦R.I¦U¦5DF80559¦101567¦C8¦0
$H¦N¦88¦R.I¦U¦5DF8055A¦103C94¦C8¦0
$H¦N¦89¦R.I¦U¦5DF8055B¦1063DA¦C8¦0
$H¦N¦8A¦R.I¦U¦5DF8055C¦108B20¦C8¦0
$H¦N¦8B¦R.I¦U¦5DF8055D¦10B25D¦C8¦0
$H¦N¦8C¦R.I¦U¦5DF8055E¦10D985¦C8¦0
$H¦N¦8D¦R.I¦U¦5DF8055F¦1100CA¦C8¦0
$H¦N¦8E¦R.I¦U¦5DF80560¦112810¦C8¦0
$H¦N¦8F¦R.I¦U¦5DF80561¦114F36¦C8¦0
$H¦N¦90¦R.I¦U¦5DF80562¦11767B¦C8¦0
$H¦N¦91¦R.I¦U¦5DF80563¦119DB5¦C8¦0
$H¦N¦92¦R.I¦U¦5DF80564¦11C4E2¦C8¦0
$H¦N¦93¦R.I¦U¦5DF80565¦11EC06¦C8¦0
$H¦N¦94¦R.I¦U¦5DF80566¦12134C¦C8¦0
$H¦N¦95¦R.I¦U¦5DF80567¦123A91¦C8¦0
$H¦N¦96¦R.I¦U¦5DF80568¦1261B5¦C8¦0
$H¦N¦97¦R.I¦U¦5DF80569¦1288F5¦C8¦0
$H¦N¦98¦R.I¦U¦5DF8056A¦12B03A¦C8¦0
$H¦N¦99¦R.I¦U¦5DF8056B¦12D74E¦C8¦0
$H¦N¦9A¦R.I¦U¦5DF8056C¦12FE8C¦C8¦0
$H¦N¦9B¦R.I¦U¦5DF8056D¦1325C6¦C8¦0
$H¦N¦9C¦R.I¦U¦5DF8056E¦134D08¦C8¦0
$C¦U¦7B¦R.I¦1¦10¦1¦2¦134F84¦66FD6¦T¦66FD6¦2¦0¦0¦0¦0¦1¦66FD6¦Active¦G¦0¦0¦1¦3
$H¦N¦9E¦R.I¦U¦5DF8056F¦13744D¦C8¦0
$H¦N¦9F¦R.I¦U¦5DF80570¦139B8D¦C8¦0
$H¦N¦A0¦R.I¦U¦5DF80571¦13C2BB¦C8¦0
$C¦U¦9D¦R.I¦2¦7¦8¦2¦13D5AF¦671A9¦T¦671A9¦2¦862B¦0¦862B¦0¦2¦671A9¦Active¦G¦0¦0¦4¦0
$C¦U¦A1¦R.I¦3¦8¦6¦2¦13D8D5¦657EB¦T¦657EB¦2¦8951¦0¦326¦0¦3¦657EB¦Active¦G¦0¦0¦3¦0
$H¦N¦A3¦R.I¦U¦5DF80572¦13EA01¦C8¦0
$C¦U¦A2¦R.I¦4¦9¦2¦2¦13F449¦6AA1D¦T¦6AA1D¦2¦A4C5¦0¦1B73¦0¦4¦6AA1D¦Active¦G¦0¦0¦2¦0
$H¦N¦A5¦R.I¦U¦5DF80573¦141146¦C8¦0
$H¦N¦A6¦R.I¦U¦5DF80574¦14385E¦C8¦0
$C¦U¦A4¦R.I¦5¦1¦10¦2¦1446B1¦6615B¦T¦6615B¦2¦F72D¦0¦5268¦0¦5¦6615B¦Active¦G¦0¦0¦A¦0
$H¦N¦A8¦R.I¦U¦5DF80575¦145F9A¦C8¦0
$C¦U¦A7¦R.I¦6¦4¦11¦2¦1461BC¦64B88¦T¦64B88¦2¦11238¦0¦1B0A¦0¦6¦64B88¦Active¦G¦0¦0¦7¦0
$H¦N¦AA¦R.I¦U¦5DF80576¦1486DF¦C8¦0
$H¦N¦AB¦R.I¦U¦5DF80577¦14AE23¦C8¦0
$C¦U¦A9¦R.I¦7¦6¦14¦2¦14B6F1¦66036¦T¦66036¦2¦1676D¦0¦5534¦0¦7¦66036¦Active¦G¦0¦0¦5¦0
$F¦U¦AC¦R.I¦G¦3¦14B7BC¦3¦0¦0¦0¦0¦10¦0¦160.011
$H¦N¦AE¦R.I¦U¦5DF80578¦14D561¦C8¦0
$H¦N¦AF¦R.I¦U¦5DF80579¦14FCA7¦C8¦0
$H¦N¦B0¦R.I¦U¦5DF8057A¦1523C0¦C8¦0
$H¦N¦B1¦R.I¦U¦5DF8057B¦154B06¦C8¦0
$H¦N¦B2¦R.I¦U¦5DF8057C¦157243¦C8¦0
$H¦N¦B3¦R.I¦U¦5DF8057D¦159986¦C8¦0
$H¦N¦B4¦R.I¦U¦5DF8057E¦15C0B2¦C8¦0
$H¦N¦B5¦R.I¦U¦5DF8057F¦15E7D9¦C8¦0
$H¦N¦B6¦R.I¦U¦5DF80580¦160EED¦C8¦0
$H¦N¦B7¦R.I¦U¦5DF80581¦163632¦C8¦0
$H¦N¦B8¦R.I¦U¦5DF80582¦165D78¦C8¦0
$H¦N¦B9¦R.I¦U¦5DF80583¦1684A0¦C8¦0
$H¦N¦BA¦R.I¦U¦5DF80584¦16ABE6¦C8¦0
$H¦N¦BB¦R.I¦U¦5DF80585¦16D309¦C8¦0
$H¦N¦BC¦R.I¦U¦5DF80586¦16FA4B¦C8¦0
$H¦N¦BD¦R.I¦U¦5DF80587¦172190¦C8¦0
$H¦N¦BE¦R.I¦U¦5DF80588¦1748D3¦C8¦0
$H¦N¦BF¦R.I¦U¦5DF80589¦177018¦C8¦0
$H¦N¦C0¦R.I¦U¦5DF8058A¦179758¦C8¦0
$H¦N¦C1¦R.I¦U¦5DF8058B¦17BE81¦C8¦0
$H¦N¦C2¦R.I¦U¦5DF8058C¦17E5C7¦C8¦0
$H¦N¦C3¦R.I¦U¦5DF8058D¦180CDB¦C8¦0
$H¦N¦C4¦R.I¦U¦5DF8058E¦183420¦C8¦0
$H¦N¦C5¦R.I¦U¦5DF8058F¦185B38¦C8¦0
$H¦N¦C6¦R.I¦U¦5DF80590¦18826E¦C8¦0
$H¦N¦C7¦R.I¦U¦5DF80591¦18A9B4¦C8¦0
$H¦N¦C8¦R.I¦U¦5DF80592¦18D0DC¦C8¦0
$H¦N¦C9¦R.I¦U¦5DF80593¦18F821¦C8¦0
$H¦N¦CA¦R.I¦U¦5DF80594¦191F68¦C8¦0
$H¦N¦CB¦R.I¦U¦5DF80595¦194686¦C8¦0
$H¦N¦CC¦R.I¦U¦5DF80596¦196DCC¦C8¦0
$H¦N¦CD¦R.I¦U¦5DF80597¦19950F¦C8¦0
$H¦N¦CE¦R.I¦U¦5DF80598¦19BC54¦C8¦0
$C¦U¦AD¦R.I¦1¦10¦1¦3¦19BF5A¦66FD6¦T¦66FD6¦3¦0¦0¦0¦0¦1¦66FD6¦Active¦G¦0¦0¦1¦4
$H¦N¦D0¦R.I¦U¦5DF80599¦19E37B¦C8¦0
$H¦N¦D1¦R.I¦U¦5DF8059A¦1A0AA8¦C8¦0
$H¦N¦D2¦R.I¦U¦5DF8059B¦1A31E8¦C8¦0
$C¦U¦CF¦R.I¦2¦9¦2¦3¦1A478A¦65340¦T¦65340¦3¦882F¦0¦882F¦0¦2¦65340¦Active¦G¦0¦0¦2¦0
$H¦N¦D4¦R.I¦U¦5DF8059C¦1A591F¦C8¦0
$C¦U¦D3¦R.I¦3¦7¦8¦3¦1A61ED¦68C3D¦T¦68C3D¦3¦A292¦0¦1A63¦0¦3¦68C3D¦Active¦G¦0¦0¦4¦0
$H¦N¦D6¦R.I¦U¦5DF8059D¦1A8032¦C8¦0
$C¦U¦D5¦R.I¦4¦4¦11¦3¦1AA0DE¦63F21¦T¦63F21¦3¦E183¦0¦3EF1¦0¦4¦63F21¦Active¦G¦0¦0¦7¦0
$H¦N¦D8¦R.I¦U¦5DF8059E¦1AA779¦C8¦0
$C¦U¦D7¦R.I¦5¦1¦10¦3¦1AA74A¦66098¦T¦66098¦3¦E7EF¦0¦66B¦0¦5¦66098¦Active¦G¦0¦0¦A¦0
$H¦N¦DA¦R.I¦U¦5DF8059F¦1ACE99¦C8¦0
$H¦N¦DB¦R.I¦U¦5DF805A0¦1AF5CD¦C8¦0
$C¦U¦D9¦R.I¦6¦6¦14¦3¦1B113F¦65A4D¦T¦65A4D¦3¦151E4¦0¦69F5¦0¦6¦65A4D¦Active¦G¦0¦0¦5¦0
$C¦U¦DC¦R.I¦7¦8¦6¦3¦1B1C39¦74364¦T¦74364¦3¦15CDE¦0¦AFA¦0¦7¦74364¦Active¦G¦0¦0¦3¦0
$F¦U¦DD¦R.I¦G¦4¦1B1D05¦4¦0¦0¦0¦0¦10¦0¦170.678
$H¦N¦DF¦R.I¦U¦5DF805A1¦1B1D09¦C8¦0
$H¦N¦E0¦R.I¦U¦5DF805A2¦1B4443¦C8¦0
$H¦N¦E1¦R.I¦U¦5DF805A3¦1B6B66¦C8¦0
$H¦N¦E2¦R.I¦U¦5DF805A4¦1B927E¦C8¦0
$H¦N¦E3¦R.I¦U¦5DF805A5¦1BB9C3¦C8¦0
$H¦N¦E4¦R.I¦U¦5DF805A6¦1BE0FD¦C8¦0
$H¦N¦E5¦R.I¦U¦5DF805A7¦1C082C¦C8¦0
$H¦N¦E6¦R.I¦U¦5DF805A8¦1C2F69¦C8¦0
$H¦N¦E7¦R.I¦U¦5DF805A9¦1C56A0¦C8¦0
$H¦N¦E8¦R.I¦U¦5DF805AA¦1C7DE6¦C8¦0
$H¦N¦E9¦R.I¦U¦5DF805AB¦1CA500¦C8¦0
$H¦N¦EA¦R.I¦U¦5DF805AC¦1CCC2B¦C8¦0
$H¦N¦EB¦R.I¦U¦5DF805AD¦1CF371¦C8¦0
$H¦N¦EC¦R.I¦U¦5DF805AE¦1D1A87¦C8¦0
$H¦N¦ED¦R.I¦U¦5DF805AF¦1D41A6¦C8¦0
$H¦N¦EE¦R.I¦U¦5DF805B0¦1D68CF¦C8¦0
$H¦N¦EF¦R.I¦U¦5DF805B1¦1D9012¦C8¦0
$H¦N¦F0¦R.I¦U¦5DF805B2¦1DB74D¦C8¦0
$H¦N¦F1¦R.I¦U¦5DF805B3¦1DDE75¦C8¦0
$H¦N¦F2¦R.I¦U¦5DF805B4¦1E05A2¦C8¦0
$H¦N¦F3¦R.I¦U¦5DF805B5¦1E2CCA¦C8¦0
$H¦N¦F4¦R.I¦U¦5DF805B6¦1E540F¦C8¦0
$H¦N¦F5¦R.I¦U¦5DF805B7¦1E7B55¦C8¦0
$H¦N¦F6¦R.I¦U¦5DF805B8¦1EA284¦C8¦0
$H¦N¦F7¦R.I¦U¦5DF805B9¦1EC9A5¦C8¦0
$H¦N¦F8¦R.I¦U¦5DF805BA¦1EF0D1¦C8¦0
$H¦N¦F9¦R.I¦U¦5DF805BB¦1F17F1¦C8¦0
$H¦N¦FA¦R.I¦U¦5DF805BC¦1F3F18¦C8¦0
$H¦N¦FB¦R.I¦U¦5DF805BD¦1F664B¦C8¦0
$H¦N¦FC¦R.I¦U¦5DF805BE¦1F8D85¦C8¦0
$H¦N¦FD¦R.I¦U¦5DF805BF¦1FB4B0¦C8¦0
$H¦N¦FE¦R.I¦U¦5DF805C0¦1FDBDD¦C8¦0
$H¦N¦FF¦R.I¦U¦5DF805C1¦20031E¦C8¦0
$H¦N¦100¦R.I¦U¦5DF805C2¦202A5F¦C8¦0
$C¦U¦DE¦R.I¦1¦10¦1¦4¦202F31¦66FD6¦T¦66FD6¦4¦0¦0¦0¦0¦1¦66FD6¦Active¦G¦0¦0¦1¦5
$H¦N¦102¦R.I¦U¦5DF805C3¦205199¦C8¦0
$H¦N¦103¦R.I¦U¦5DF805C4¦2078C7¦C8¦0
$H¦N¦104¦R.I¦U¦5DF805C5¦20A00C¦C8¦0
$H¦N¦105¦R.I¦U¦5DF805C6¦20C74C¦C8¦0
$C¦U¦101¦R.I¦2¦7¦8¦4¦20CB4E¦66961¦T¦66961¦4¦9C1C¦0¦9C1C¦0¦2¦66961¦Active¦G¦0¦0¦4¦0
$C¦U¦106¦R.I¦3¦9¦2¦4¦20D3C7¦68C3D¦T¦68C3D¦4¦A495¦0¦879¦0¦3¦68C3D¦Active¦G¦0¦0¦2¦0
$H¦N¦108¦R.I¦U¦5DF805C7¦20EE8A¦C8¦0
$C¦U¦107¦R.I¦4¦4¦11¦4¦20F1A6¦650C7¦T¦650C7¦4¦C274¦0¦1DDE¦0¦4¦650C7¦Active¦G¦0¦0¦7¦0
$C¦U¦109¦R.I¦5¦1¦10¦4¦210C79¦6652E¦T¦6652E¦4¦DD47¦0¦1AD2¦0¦5¦6652E¦Active¦G¦0¦0¦A¦0
$H¦N¦10B¦R.I¦U¦5DF805C8¦2115C7¦C8¦0
$H¦N¦10C¦R.I¦U¦5DF805C9¦213CFC¦C8¦0
$C¦U¦10A¦R.I¦6¦8¦6¦4¦215CEA¦640B0¦T¦640B0¦4¦12DB8¦0¦5070¦0¦6¦640B0¦Active¦G¦0¦0¦3¦0
$H¦N¦10E¦R.I¦U¦5DF805CA¦216441¦C8¦0
$C¦U¦10D¦R.I¦7¦6¦14¦4¦2165F7¦654B7¦T¦654B7¦4¦136C5¦0¦90C¦0¦7¦654B7¦Active¦G¦0¦0¦5¦0
$F¦U¦10F¦R.I¦G¦5¦216995¦5¦0¦0¦0¦0¦10¦0¦177.790
$H¦N¦111¦R.I¦U¦5DF805CB¦218B85¦C8¦0
$H¦N¦112¦R.I¦U¦5DF805CC¦21B2A7¦C8¦0
$H¦N¦113¦R.I¦U¦5DF805CD¦21D9BA¦C8¦0
$H¦N¦114¦R.I¦U¦5DF805CE¦2200D0¦C8¦0
$H¦N¦115¦R.I¦U¦5DF805CF¦222811¦C8¦0
$H¦N¦116¦R.I¦U¦5DF805D0¦224F2E¦C8¦0
$H¦N¦117¦R.I¦U¦5DF805D1¦227674¦C8¦0
$H¦N¦118¦R.I¦U¦5DF805D2¦229DA4¦C8¦0
$H¦N¦119¦R.I¦U¦5DF805D3¦22C4E6¦C8¦0
$H¦N¦11A¦R.I¦U¦5DF805D4¦22EC09¦C8¦0
$H¦N¦11B¦R.I¦U¦5DF805D5¦231329¦C8¦0
$H¦N¦11C¦R.I¦U¦5DF805D6¦233A40¦C8¦0
$H¦N¦11D¦R.I¦U¦5DF805D7¦236171¦C8¦0
$H¦N¦11E¦R.I¦U¦5DF805D8¦2388B7¦C8¦0
$H¦N¦11F¦R.I¦U¦5DF805D9¦23AFFD¦C8¦0
$H¦N¦120¦R.I¦U¦5DF805DA¦23D73C¦C8¦0
$H¦N¦121¦R.I¦U¦5DF805DB¦23FE71¦C8¦0
$H¦N¦122¦R.I¦U¦5DF805DC¦24258F¦C8¦0
$H¦N¦123¦R.I¦U¦5DF805DD¦244CAC¦C8¦0
$H¦N¦124¦R.I¦U¦5DF805DE¦2473F2¦C8¦0
$H¦N¦125¦R.I¦U¦5DF805DF¦249B29¦C8¦0
$H¦N¦126¦R.I¦U¦5DF805E0¦24C26D¦C8¦0
$H¦N¦127¦R.I¦U¦5DF805E1¦24E981¦C8¦0
$H¦N¦128¦R.I¦U¦5DF805E2¦251098¦C8¦0
$H¦N¦129¦R.I¦U¦5DF805E3¦2537D8¦C8¦0
$H¦N¦12A¦R.I¦U¦5DF805E4¦255F4F¦C8¦0
$H¦N¦12B¦R.I¦U¦5DF805E5¦25868B¦C8¦0
$H¦N¦12C¦R.I¦U¦5DF805E6¦25AE03¦C8¦0
$H¦N¦12D¦R.I¦U¦5DF805E7¦25D536¦C8¦0
$H¦N¦12E¦R.I¦U¦5DF805E8¦25FC9B¦C8¦0
$H¦N¦12F¦R.I¦U¦5DF805E9¦2623B8¦C8¦0
$H¦N¦130¦R.I¦U¦5DF805EA¦264B1E¦C8¦0
$H¦N¦131¦R.I¦U¦5DF805EB¦267252¦C8¦0
$H¦N¦132¦R.I¦U¦5DF805EC¦269971¦C8¦0
$C¦U¦110¦R.I¦1¦10¦1¦5¦269F08¦66FD6¦T¦66FD6¦5¦0¦0¦0¦0¦1¦66FD6¦Active¦G¦0¦0¦1¦6
$H¦N¦134¦R.I¦U¦5DF805ED¦26C08B¦C8¦0
$H¦N¦135¦R.I¦U¦5DF805EE¦26E7B1¦C8¦0
$H¦N¦136¦R.I¦U¦5DF805EF¦270ED5¦C8¦0
$C¦U¦133¦R.I¦2¦9¦2¦5¦2726CF¦65308¦T¦65308¦5¦87C7¦0¦87C7¦0¦2¦65308¦Active¦G¦0¦0¦2¦0
$C¦U¦137¦R.I¦3¦7¦8¦5¦27338E¦66840¦T¦66840¦5¦9486¦0¦CBF¦0¦3¦66840¦Active¦G¦0¦0¦4¦0
$H¦N¦139¦R.I¦U¦5DF805F0¦273613¦C8¦0
$C¦U¦138¦R.I¦4¦4¦11¦5¦27523A¦66094¦T¦66094¦5¦B332¦0¦1EAC¦0¦4¦66094¦Active¦G¦0¦0¦7¦0
$H¦N¦13B¦R.I¦U¦5DF805F1¦275D35¦C8¦0
$C¦U¦13A¦R.I¦5¦1¦10¦5¦27635F¦656E6¦T¦656E6¦5¦C457¦0¦1125¦0¦5¦656E6¦Active¦G¦0¦0¦A¦0
$H¦N¦13D¦R.I¦U¦5DF805F2¦27846E¦C8¦0
$C¦U¦13C¦R.I¦6¦6¦14¦5¦27A2C0¦63CC9¦T¦63CC9¦5¦103B8¦0¦3F60¦0¦6¦63CC9¦Active¦G¦0¦0¦5¦0
$H¦N¦13F¦R.I¦U¦5DF805F3¦27AB99¦C8¦0
$C¦U¦13E¦R.I¦7¦8¦6¦5¦27ABA7¦64EBD¦T¦64EBD¦5¦10C9F¦0¦8E7¦0¦7¦64EBD¦Active¦G¦0¦0¦3¦0
$F¦U¦140¦R.I¦G¦6¦27ABE9¦6¦0¦0¦0¦0¦10¦0¦182.869
$H¦N¦142¦R.I¦U¦5DF805F4¦27D2AD¦C8¦0
$H¦N¦143¦R.I¦U¦5DF805F5¦27F9E7¦C8¦0
$H¦N¦144¦R.I¦U¦5DF805F6¦28210F¦C8¦0
$H¦N¦145¦R.I¦U¦5DF805F7¦28483C¦C8¦0
$H¦N¦146¦R.I¦U¦5DF805F8¦286F63¦C8¦0
$H¦N¦147¦R.I¦U¦5DF805F9¦289677¦C8¦0
$H¦N¦148¦R.I¦U¦5DF805FA¦28BDB8¦C8¦0
$H¦N¦149¦R.I¦U¦5DF805FB¦28E4FB¦C8¦0
$H¦N¦14A¦R.I¦U¦5DF805FC¦290C3A¦C8¦0
$H¦N¦14B¦R.I¦U¦5DF805FD¦293357¦C8¦0
$H¦N¦14C¦R.I¦U¦5DF805FE¦295A74¦C8¦0
$H¦N¦14D¦R.I¦U¦5DF805FF¦2981B3¦C8¦0
$H¦N¦14E¦R.I¦U¦5DF80600¦29A8EE¦C8¦0
$H¦N¦14F¦R.I¦U¦5DF80601¦29D00A¦C8¦0
$H¦N¦150¦R.I¦U¦5DF80602¦29F72D¦C8¦0
$H¦N¦151¦R.I¦U¦5DF80603¦2A1E70¦C8¦0
$H¦N¦152¦R.I¦U¦5DF80604¦2A45B3¦C8¦0
$H¦N¦153¦R.I¦U¦5DF80605¦2A6CCF¦C8¦0
$H¦N¦154¦R.I¦U¦5DF80606¦2A9408¦C8¦0
$H¦N¦155¦R.I¦U¦5DF80607¦2ABB4B¦C8¦0
$H¦N¦156¦R.I¦U¦5DF80608¦2AE26B¦C8¦0
$H¦N¦157¦R.I¦U¦5DF80609¦2B09B0¦C8¦0
$H¦N¦158¦R.I¦U¦5DF8060A¦2B30E3¦C8¦0
$H¦N¦159¦R.I¦U¦5DF8060B¦2B5827¦C8¦0
$H¦N¦15A¦R.I¦U¦5DF8060C¦2B7F55¦C8¦0
$H¦N¦15B¦R.I¦U¦5DF8060D¦2BA683¦C8¦0
$H¦N¦15C¦R.I¦U¦5DF8060E¦2BCDA9¦C8¦0
$H¦N¦15D¦R.I¦U¦5DF8060F¦2BF4EA¦C8¦0
$H¦N¦15E¦R.I¦U¦5DF80610¦2C1C30¦C8¦0
$H¦N¦15F¦R.I¦U¦5DF80611¦2C435E¦C8¦0
$H¦N¦160¦R.I¦U¦5DF80612¦2C6A93¦C8¦0
$H¦N¦161¦R.I¦U¦5DF80613¦2C91D4¦C8¦0
$H¦N¦162¦R.I¦U¦5DF80614¦2CB8EC¦C8¦0
$H¦N¦163¦R.I¦U¦5DF80615¦2CE005¦C8¦0
$H¦N¦164¦R.I¦U¦5DF80616¦2D0746¦C8¦0
$C¦U¦141¦R.I¦1¦10¦1¦6¦2D0EDF¦66FD6¦T¦66FD6¦6¦0¦0¦0¦0¦1¦66FD6¦Active¦G¦0¦0¦1¦7
$H¦N¦166¦R.I¦U¦5DF80617¦2D2E81¦C8¦0
$H¦N¦167¦R.I¦U¦5DF80618¦2D55C1¦C8¦0
$H¦N¦168¦R.I¦U¦5DF80619¦2D7CF8¦C8¦0
$C¦U¦165¦R.I¦2¦7¦8¦6¦2D9EBB¦66B2D¦T¦66B2D¦6¦8FDC¦0¦8FDC¦0¦2¦66B2D¦Active¦G¦0¦0¦4¦0
$H¦N¦16A¦R.I¦U¦5DF8061A¦2DA40C¦C8¦0
$C¦U¦169¦R.I¦3¦4¦11¦6¦2DAAEA¦658AF¦T¦658AF¦6¦9C0B¦0¦C2E¦0¦3¦658AF¦Active¦G¦0¦0¦7¦0
$C¦U¦16B¦R.I¦4¦9¦2¦6¦2DB30D¦68C3D¦T¦68C3D¦6¦A42D¦0¦822¦0¦4¦68C3D¦Active¦G¦0¦0¦2¦0
$H¦N¦16D¦R.I¦U¦5DF8061B¦2DCB39¦C8¦0
$C¦U¦16C¦R.I¦5¦1¦10¦6¦2DC7F5¦66495¦T¦66495¦6¦B915¦0¦14E8¦0¦5¦66495¦Active¦G¦0¦0¦A¦0
$C¦U¦16E¦R.I¦6¦8¦6¦6¦2DDD8A¦631E2¦T¦631E2¦6¦CEAB¦0¦1595¦0¦6¦631E2¦Active¦G¦0¦0¦3¦0
$C¦U¦16F¦R.I¦7¦6¦14¦6¦2DECAD¦649ED¦T¦649ED¦6¦DDCE¦0¦F23¦0¦7¦649ED¦Active¦G¦0¦0¦5¦0
$F¦U¦170¦R.I¦G¦7¦2DEF6D¦7¦0¦0¦0¦0¦10¦0¦186.679
$H¦N¦172¦R.I¦U¦5DF8061C¦2DF27F¦C8¦0
$H¦N¦173¦R.I¦U¦5DF8061D¦2E19C3¦C8¦0
$H¦N¦174¦R.I¦U¦5DF8061E¦2E40E3¦C8¦0
$H¦N¦175¦R.I¦U¦5DF8061F¦2E680A¦C8¦0
$H¦N¦176¦R.I¦U¦5DF80620¦2E8F31¦C8¦0
$H¦N¦177¦R.I¦U¦5DF80621¦2EB658¦C8¦0
$H¦N¦178¦R.I¦U¦5DF80622¦2EDD7F¦C8¦0
$H¦N¦179¦R.I¦U¦5DF80623¦2F04A0¦C8¦0
$H¦N¦17A¦R.I¦U¦5DF80624¦2F2BC7¦C8¦0
$H¦N¦17B¦R.I¦U¦5DF80625¦2F52FF¦C8¦0
$H¦N¦17C¦R.I¦U¦5DF80626¦2F7A3A¦C8¦0
$H¦N¦17D¦R.I¦U¦5DF80627¦2FA150¦C8¦0
$H¦N¦17E¦R.I¦U¦5DF80628¦2FC88C¦C8¦0
$H¦N¦17F¦R.I¦U¦5DF80629¦2FEFD2¦C8¦0
$H¦N¦180¦R.I¦U¦5DF8062A¦301718¦C8¦0
$H¦N¦181¦R.I¦U¦5DF8062B¦303E33¦C8¦0
$H¦N¦182¦R.I¦U¦5DF8062C¦306573¦C8¦0
$H¦N¦183¦R.I¦U¦5DF8062D¦308CAC¦C8¦0
$H¦N¦184¦R.I¦U¦5DF8062E¦30B3E1¦C8¦0
$H¦N¦185¦R.I¦U¦5DF8062F¦30DB0F¦C8¦0
$H¦N¦186¦R.I¦U¦5DF80630¦310236¦C8¦0
$H¦N¦187¦R.I¦U¦5DF80631¦31294B¦C8¦0
$H¦N¦188¦R.I¦U¦5DF80632¦315076¦C8¦0
$H¦N¦189¦R.I¦U¦5DF80633¦3177A3¦C8¦0
$H¦N¦18A¦R.I¦U¦5DF80634¦319EDE¦C8¦0
$H¦N¦18B¦R.I¦U¦5DF80635¦31C5FD¦C8¦0
$H¦N¦18C¦R.I¦U¦5DF80636¦31ED24¦C8¦0
$H¦N¦18D¦R.I¦U¦5DF80637¦32145F¦C8¦0
$H¦N¦18E¦R.I¦U¦5DF80638¦323B72¦C8¦0
$H¦N¦18F¦R.I¦U¦5DF80639¦32628D¦C8¦0
$H¦N¦190¦R.I¦U¦5DF8063A¦3289BE¦C8¦0
$H¦N¦191¦R.I¦U¦5DF8063B¦32B0DE¦C8¦0
$H¦N¦192¦R.I¦U¦5DF8063C¦32D7F3¦C8¦0
$H¦N¦193¦R.I¦U¦5DF8063D¦32FF1F¦C8¦0
$H¦N¦194¦R.I¦U¦5DF8063E¦33267B¦C8¦0
$H¦N¦195¦R.I¦U¦5DF8063F¦334D9E¦C8¦0
$H¦N¦196¦R.I¦U¦5DF80640¦3374E1¦C8¦0
$C¦U¦171¦R.I¦1¦10¦1¦7¦337EB5¦66FD6¦T¦66FD6¦7¦0¦0¦0¦0¦1¦66FD6¦Active¦G¦0¦0¦1¦8
$H¦N¦198¦R.I¦U¦5DF80641¦339C24¦C8¦0
$H¦N¦199¦R.I¦U¦5DF80642¦33C338¦C8¦0
$H¦N¦19A¦R.I¦U¦5DF80643¦33EA5D¦C8¦0
$C¦U¦197¦R.I¦2¦9¦2¦7¦33FEC8¦64BBB¦T¦64BBB¦7¦8012¦0¦8012¦0¦2¦64BBB¦Active¦G¦0¦0¦2¦0
$H¦N¦19C¦R.I¦U¦5DF80644¦341185¦C8¦0
$C¦U¦19B¦R.I¦3¦4¦11¦7¦341383¦66899¦T¦66899¦7¦94CD¦0¦14BB¦0¦3¦66899¦Active¦G¦0¦0¦7¦0
$C¦U¦19D¦R.I¦4¦7¦8¦7¦341EFC¦68040¦T¦68040¦7¦A046¦0¦B78¦0¦4¦68040¦Active¦G¦0¦0¦4¦0
$C¦U¦19E¦R.I¦5¦8¦6¦7¦34216D¦643E3¦T¦643E3¦7¦A2B7¦0¦271¦0¦5¦643E3¦Active¦G¦0¦0¦3¦0
$C¦U¦19F¦R.I¦6¦6¦14¦7¦3428D8¦63C2A¦T¦63C2A¦7¦AA22¦0¦76A¦0¦6¦63C2A¦Active¦G¦0¦0¦5¦0
$C¦U¦1A0¦R.I¦7¦1¦10¦7¦342BB2¦663BC¦T¦663BC¦7¦ACFC¦0¦2D9¦0¦7¦663BC¦Active¦G¦0¦0¦A¦0
$F¦U¦1A1¦R.I¦G¦8¦342EE7¦8¦0¦0¦0¦0¦10¦0¦189.642
$H¦N¦1A3¦R.I¦U¦5DF80645¦3438A1¦C8¦0
$H¦N¦1A4¦R.I¦U¦5DF80646¦345FE4¦C8¦0
$H¦N¦1A5¦R.I¦U¦5DF80647¦34870B¦C8¦0
$H¦N¦1A6¦R.I¦U¦5DF80648¦34AE27¦C8¦0
$H¦N¦1A7¦R.I¦U¦5DF80649¦34D56A¦C8¦0
$H¦N¦1A8¦R.I¦U¦5DF8064A¦34FC83¦C8¦0
$H¦N¦1A9¦R.I¦U¦5DF8064B¦3523A1¦C8¦0
$H¦N¦1AA¦R.I¦U¦5DF8064C¦354ADE¦C8¦0
$H¦N¦1AB¦R.I¦U¦5DF8064D¦35721E¦C8¦0
$H¦N¦1AC¦R.I¦U¦5DF8064E¦35993A¦C8¦0
$H¦N¦1AD¦R.I¦U¦5DF8064F¦35C05F¦C8¦0
$H¦N¦1AE¦R.I¦U¦5DF80650¦35E78A¦C8¦0
$H¦N¦1AF¦R.I¦U¦5DF80651¦360EAD¦C8¦0
$H¦N¦1B0¦R.I¦U¦5DF80653¦3635E8¦C8¦0
$H¦N¦1B1¦R.I¦U¦5DF80654¦365D2C¦C8¦0
$H¦N¦1B2¦R.I¦U¦5DF80655¦368441¦C8¦0
$H¦N¦1B3¦R.I¦U¦5DF80656¦36AB7A¦C8¦0
$H¦N¦1B4¦R.I¦U¦5DF80657¦36D291¦C8¦0
$H¦N¦1B5¦R.I¦U¦5DF80658¦36F9CB¦C8¦0
$H¦N¦1B6¦R.I¦U¦5DF80659¦37210F¦C8¦0
$H¦N¦1B7¦R.I¦U¦5DF8065A¦374823¦C8¦0
$H¦N¦1B8¦R.I¦U¦5DF8065B¦376F44¦C8¦0
$H¦N¦1B9¦R.I¦U¦5DF8065C¦379661¦C8¦0
$H¦N¦1BA¦R.I¦U¦5DF8065D¦37BD8E¦C8¦0
$H¦N¦1BB¦R.I¦U¦5DF8065E¦37E4AC¦C8¦0
$H¦N¦1BC¦R.I¦U¦5DF8065F¦380BEC¦C8¦0
$H¦N¦1BD¦R.I¦U¦5DF80660¦383330¦C8¦0
$H¦N¦1BE¦R.I¦U¦5DF80661¦385A5B¦C8¦0
$H¦N¦1BF¦R.I¦U¦5DF80662¦38819F¦C8¦0
$H¦N¦1C0¦R.I¦U¦5DF80663¦38A8DA¦C8¦0
$H¦N¦1C1¦R.I¦U¦5DF80664¦38D020¦C8¦0
$H¦N¦1C2¦R.I¦U¦5DF80665¦38F742¦C8¦0
$H¦N¦1C3¦R.I¦U¦5DF80666¦391E86¦C8¦0
$H¦N¦1C4¦R.I¦U¦5DF80667¦3945C9¦C8¦0
$H¦N¦1C5¦R.I¦U¦5DF80668¦396CFF¦C8¦0
$H¦N¦1C6¦R.I¦U¦5DF80669¦399414¦C8¦0
$H¦N¦1C7¦R.I¦U¦5DF8066A¦39BB27¦C8¦0
$H¦N¦1C8¦R.I¦U¦5DF8066B¦39E23E¦C8¦0
$C¦U¦1A2¦R.I¦1¦10¦1¦8¦39EE8C¦66FD6¦T¦66FD6¦8¦0¦0¦0¦0¦1¦66FD6¦Active¦G¦0¦0¦1¦9
$H¦N¦1CA¦R.I¦U¦5DF8066C¦3A0958¦C8¦0
$H¦N¦1CB¦R.I¦U¦5DF8066D¦3A307E¦C8¦0
$H¦N¦1CC¦R.I¦U¦5DF8066E¦3A5792¦C8¦0
$C¦U¦1C9¦R.I¦2¦7¦8¦8¦3A73AC¦654B0¦T¦654B0¦8¦8520¦0¦8520¦0¦2¦654B0¦Active¦G¦0¦0¦4¦0
$H¦N¦1CE¦R.I¦U¦5DF8066F¦3A7EBF¦C8¦0
$C¦U¦1CD¦R.I¦3¦4¦11¦8¦3A7FEB¦66C67¦T¦66C67¦8¦915E¦0¦C3E¦0¦3¦66C67¦Active¦G¦0¦0¦7¦0
$C¦U¦1CF¦R.I¦4¦6¦14¦8¦3A863B¦65D62¦T¦65D62¦8¦97AE¦0¦64F¦0¦4¦65D62¦Active¦G¦0¦0¦5¦0
$H¦N¦1D1¦R.I¦U¦5DF80670¦3AA5EA¦C8¦0
$C¦U¦1D0¦R.I¦5¦9¦2¦8¦3AB58B¦6B6C3¦T¦6B6C3¦8¦C6FE¦0¦2F50¦0¦5¦6B6C3¦Active¦G¦0¦0¦2¦0
$H¦N¦1D3¦R.I¦U¦5DF80671¦3ACD13¦C8¦0
$H¦N¦1D4¦R.I¦U¦5DF80672¦3AF43E¦C8¦0
$C¦U¦1D2¦R.I¦6¦8¦6¦8¦3B06E9¦6E57B¦T¦6E57B¦8¦1185C¦0¦515D¦0¦6¦6E57B¦Active¦G¦0¦0¦3¦0
$C¦U¦1D5¦R.I¦7¦1¦10¦8¦3B0709¦6DB57¦T¦6DB57¦8¦1187C¦0¦20¦0¦7¦6DB57¦Active¦G¦0¦0¦A¦0
$F¦U¦1D6¦R.I¦G¦9¦3B07DE¦9¦0¦0¦0¦0¦10¦0¦192.013
$H¦N¦1D8¦R.I¦U¦5DF80673¦3B1B69¦C8¦0
$H¦N¦1D9¦R.I¦U¦5DF80674¦3B4293¦C8¦0
$H¦N¦1DA¦R.I¦U¦5DF80675¦3B69BD¦C8¦0
$H¦N¦1DB¦R.I¦U¦5DF80676¦3B90F8¦C8¦0
$H¦N¦1DC¦R.I¦U¦5DF80677¦3BB83D¦C8¦0
$H¦N¦1DD¦R.I¦U¦5DF80678¦3BDF5F¦C8¦0
$H¦N¦1DE¦R.I¦U¦5DF80679¦3C06A4¦C8¦0
$H¦N¦1DF¦R.I¦U¦5DF8067A¦3C2DB7¦C8¦0
$H¦N¦1E0¦R.I¦U¦5DF8067B¦3C54CF¦C8¦0
$H¦N¦1E1¦R.I¦U¦5DF8067C¦3C7BF2¦C8¦0
$H¦N¦1E2¦R.I¦U¦5DF8067D¦3CA335¦C8¦0
$H¦N¦1E3¦R.I¦U¦5DF8067E¦3CCA66¦C8¦0
$H¦N¦1E4¦R.I¦U¦5DF8067F¦3CF187¦C8¦0
$H¦N¦1E5¦R.I¦U¦5DF80680¦3D189C¦C8¦0
$H¦N¦1E6¦R.I¦U¦5DF80681¦3D3FBD¦C8¦0
$H¦N¦1E7¦R.I¦U¦5DF80682¦3D66F1¦C8¦0
$H¦N¦1E8¦R.I¦U¦5DF80683¦3D8E32¦C8¦0
$H¦N¦1E9¦R.I¦U¦5DF80684¦3DB55D¦C8¦0
$H¦N¦1EA¦R.I¦U¦5DF80685¦3DDC8F¦C8¦0
$H¦N¦1EB¦R.I¦U¦5DF80686¦3E03B0¦C8¦0
$H¦N¦1EC¦R.I¦U¦5DF80687¦3E2AD6¦C8¦0
$H¦N¦1ED¦R.I¦U¦5DF80688¦3E520A¦C8¦0
$H¦N¦1EE¦R.I¦U¦5DF80689¦3E794B¦C8¦0
$H¦N¦1EF¦R.I¦U¦5DF8068A¦3EA076¦C8¦0
$H¦N¦1F0¦R.I¦U¦5DF8068B¦3EC7B4¦C8¦0
$H¦N¦1F1¦R.I¦U¦5DF8068C¦3EEEDA¦C8¦0
$H¦N¦1F2¦R.I¦U¦5DF8068D¦3F15FA¦C8¦0
$H¦N¦1F3¦R.I¦U¦5DF8068E¦3F3D36¦C8¦0
$H¦N¦1F4¦R.I¦U¦5DF8068F¦3F6462¦C8¦0
$H¦N¦1F5¦R.I¦U¦5DF80690¦3F8B9C¦C8¦0
$H¦N¦1F6¦R.I¦U¦5DF80691¦3FB2E2¦C8¦0
$H¦N¦1F7¦R.I¦U¦5DF80692¦3FDA04¦C8¦0
$H¦N¦1F8¦R.I¦U¦5DF80693¦40012F¦C8¦0
$H¦N¦1F9¦R.I¦U¦5DF80694¦402874¦C8¦0
$H¦N¦1FA¦R.I¦U¦5DF80695¦404F98¦C8¦0
$C¦U¦1D7¦R.I¦1¦10¦1¦9¦405E63¦66FD6¦T¦66FD6¦9¦0¦0¦0¦0¦1¦66FD6¦Active¦G¦0¦0¦1¦A
$H¦N¦1FC¦R.I¦U¦5DF80696¦4076C0¦C8¦0
$H¦N¦1FD¦R.I¦U¦5DF80697¦409DF7¦C8¦0
$H¦N¦1FE¦R.I¦U¦5DF80698¦40C537¦C8¦0
$H¦N¦1FF¦R.I¦U¦5DF80699¦40EC7D¦C8¦0
$C¦U¦1FB¦R.I¦2¦4¦11¦9¦40EFF8¦6700D¦T¦6700D¦9¦9195¦0¦9195¦0¦2¦6700D¦Active¦G¦0¦0¦7¦0
$C¦U¦200¦R.I¦3¦6¦14¦9¦40FDB0¦67775¦T¦67775¦9¦9F4D¦0¦DB7¦0¦3¦67775¦Active¦G¦0¦0¦5¦0
$C¦U¦201¦R.I¦4¦7¦8¦9¦40FFEA¦68C3D¦T¦68C3D¦9¦A186¦0¦239¦0¦4¦68C3D¦Active¦G¦0¦0¦4¦0
$H¦N¦203¦R.I¦U¦5DF8069A¦4113B0¦C8¦0
$C¦U¦202¦R.I¦5¦9¦2¦9¦412D52¦677C7¦T¦677C7¦9¦CEEF¦0¦2D68¦0¦5¦677C7¦Active¦G¦0¦0¦2¦0
$H¦N¦205¦R.I¦U¦5DF8069B¦413AE5¦C8¦0
$C¦U¦204¦R.I¦6¦8¦6¦9¦414FA5¦648BC¦T¦648BC¦9¦F142¦0¦2252¦0¦6¦648BC¦Active¦G¦0¦0¦3¦0
$H¦N¦207¦R.I¦U¦5DF8069C¦416208¦C8¦0
$H¦N¦208¦R.I¦U¦5DF8069D¦418927¦C8¦0
$C¦U¦206¦R.I¦7¦1¦10¦9¦418E8D¦68784¦T¦68784¦9¦1302A¦0¦3EE7¦0¦7¦68784¦Active¦G¦0¦0¦A¦0
$F¦U¦209¦R.I¦G¦A¦419266¦A¦0¦0¦0¦0¦10¦0¦193.952
$H¦N¦20B¦R.I¦U¦5DF8069E¦41B044¦C8¦0
$H¦N¦20C¦R.I¦U¦5DF8069F¦41D788¦C8¦0
$H¦N¦20D¦R.I¦U¦5DF806A0¦41FEBE¦C8¦0
$H¦N¦20E¦R.I¦U¦5DF806A1¦4225D0¦C8¦0
$H¦N¦20F¦R.I¦U¦5DF806A2¦424D15¦C8¦0
$H¦N¦210¦R.I¦U¦5DF806A3¦42745B¦C8¦0
$H¦N¦211¦R.I¦U¦5DF806A4¦429BA4¦C8¦0
$H¦N¦212¦R.I¦U¦5DF806A5¦42C2D4¦C8¦0
$H¦N¦213¦R.I¦U¦5DF806A6¦42EA0F¦C8¦0
$H¦N¦214¦R.I¦U¦5DF806A7¦431154¦C8¦0
$H¦N¦215¦R.I¦U¦5DF806A8¦433894¦C8¦0
$H¦N¦216¦R.I¦U¦5DF806A9¦435FD1¦C8¦0
$H¦N¦217¦R.I¦U¦5DF806AA¦4386ED¦C8¦0
$H¦N¦218¦R.I¦U¦5DF806AB¦43AE33¦C8¦0
$H¦N¦219¦R.I¦U¦5DF806AC¦43D568¦C8¦0
$H¦N¦21A¦R.I¦U¦5DF806AD¦43FC8E¦C8¦0
$H¦N¦21B¦R.I¦U¦5DF806AE¦4423C6¦C8¦0
$H¦N¦21C¦R.I¦U¦5DF806AF¦444AF2¦C8¦0
$H¦N¦21D¦R.I¦U¦5DF806B0¦447235¦C8¦0
$H¦N¦21E¦R.I¦U¦5DF806B1¦449968¦C8¦0
$H¦N¦21F¦R.I¦U¦5DF806B2¦44C0AB¦C8¦0
$H¦N¦220¦R.I¦U¦5DF806B3¦44E7CF¦C8¦0
$H¦N¦221¦R.I¦U¦5DF806B4¦450F12¦C8¦0
$H¦N¦222¦R.I¦U¦5DF806B5¦453652¦C8¦0
$H¦N¦223¦R.I¦U¦5DF806B6¦455D69¦C8¦0
$H¦N¦224¦R.I¦U¦5DF806B7¦4584AD¦C8¦0
$H¦N¦225¦R.I¦U¦5DF806B8¦45ABF1¦C8¦0
$H¦N¦226¦R.I¦U¦5DF806B9¦45D307¦C8¦0
$H¦N¦227¦R.I¦U¦5DF806BA¦45FA1A¦C8¦0
$H¦N¦228¦R.I¦U¦5DF806BB¦46213C¦C8¦0
$H¦N¦229¦R.I¦U¦5DF806BC¦464868¦C8¦0
$H¦N¦22A¦R.I¦U¦5DF806BD¦466FAE¦C8¦0
$H¦N¦22B¦R.I¦U¦5DF806BE¦4696E1¦C8¦0
$H¦N¦22C¦R.I¦U¦5DF806BF¦46BE0A¦C8¦0
$C¦U¦20A¦R.I¦1¦10¦1¦A¦46CE3A¦66FD6¦T¦66FD6¦A¦0¦0¦0¦0¦1¦66FD6¦Active¦G¦0¦0¦1¦B
$H¦N¦22E¦R.I¦U¦5DF806C0¦46E538¦C8¦0
$H¦N¦22F¦R.I¦U¦5DF806C1¦470C4C¦C8¦0
$H¦N¦230¦R.I¦U¦5DF806C2¦473365¦C8¦0
$H¦N¦231¦R.I¦U¦5DF806C3¦475A96¦C8¦0
$C¦U¦22D¦R.I¦2¦6¦14¦A¦47628F¦664DE¦T¦664DE¦A¦9455¦0¦9455¦0¦2¦664DE¦Active¦G¦0¦0¦5¦0
$C¦U¦232¦R.I¦3¦4¦11¦A¦477039¦68040¦T¦68040¦A¦A1FE¦0¦DA9¦0¦3¦68040¦Active¦G¦0¦0¦7¦0
$H¦N¦234¦R.I¦U¦5DF806C4¦4781D0¦C8¦0
$C¦U¦233¦R.I¦4¦8¦6¦A¦47987A¦648D4¦T¦648D4¦A¦CA40¦0¦2841¦0¦4¦648D4¦Active¦G¦0¦0¦3¦0
$H¦N¦236¦R.I¦U¦5DF806C5¦47A8E4¦C8¦0
$C¦U¦235¦R.I¦5¦9¦2¦A¦47A7D2¦67A7F¦T¦67A7F¦A¦D998¦0¦F57¦0¦5¦67A7F¦Active¦G¦0¦0¦2¦0
$H¦N¦238¦R.I¦U¦5DF806C6¦47CFFF¦C8¦0
$C¦U¦237¦R.I¦6¦1¦10¦A¦47E5CE¦65740¦T¦65740¦A¦11794¦0¦3DFB¦0¦6¦65740¦Active¦G¦0¦0¦A¦0
$H¦N¦23A¦R.I¦U¦5DF806C7¦47F71D¦C8¦0
$C¦U¦239¦R.I¦7¦7¦8¦A¦47F6C3¦6F6D8¦T¦6F6D8¦A¦12889¦0¦10F5¦0¦7¦6F6D8¦Active¦G¦0¦0¦4¦0
$F¦U¦23B¦R.I¦G¦B¦47F95C¦B¦0¦0¦0¦0¦10¦0¦195.569
$H¦N¦23D¦R.I¦U¦5DF806C8¦481E48¦C8¦0
$H¦N¦23E¦R.I¦U¦5DF806C9¦48458C¦C8¦0
$H¦N¦23F¦R.I¦U¦5DF806CA¦486CCF¦C8¦0
$H¦N¦240¦R.I¦U¦5DF806CB¦4893FA¦C8¦0
$H¦N¦241¦R.I¦U¦5DF806CC¦48BB29¦C8¦0
$H¦N¦242¦R.I¦U¦5DF806CD¦48E247¦C8¦0
$H¦N¦243¦R.I¦U¦5DF806CE¦49098B¦C8¦0
$H¦N¦244¦R.I¦U¦5DF806CF¦4930BF¦C8¦0
$H¦N¦245¦R.I¦U¦5DF806D0¦4957F6¦C8¦0
$H¦N¦246¦R.I¦U¦5DF806D1¦497F34¦C8¦0
$H¦N¦247¦R.I¦U¦5DF806D2¦49A673¦C8¦0
$H¦N¦248¦R.I¦U¦5DF806D3¦49CD9B¦C8¦0
$H¦N¦249¦R.I¦U¦5DF806D4¦49F4D1¦C8¦0
$H¦N¦24A¦R.I¦U¦5DF806D5¦4A1BF8¦C8¦0
$H¦N¦24B¦R.I¦U¦5DF806D6¦4A4323¦C8¦0
$H¦N¦24C¦R.I¦U¦5DF806D7¦4A6A63¦C8¦0
$H¦N¦24D¦R.I¦U¦5DF806D8¦4A919F¦C8¦0
$H¦N¦24E¦R.I¦U¦5DF806D9¦4AB8B3¦C8¦0
$H¦N¦24F¦R.I¦U¦5DF806DA¦4ADFEF¦C8¦0
$H¦N¦250¦R.I¦U¦5DF806DB¦4B0708¦C8¦0
$H¦N¦251¦R.I¦U¦5DF806DC¦4B2E2A¦C8¦0
$H¦N¦252¦R.I¦U¦5DF806DD¦4B555D¦C8¦0
$H¦N¦253¦R.I¦U¦5DF806DE¦4B7C91¦C8¦0
$H¦N¦254¦R.I¦U¦5DF806DF¦4BA3C2¦C8¦0
$H¦N¦255¦R.I¦U¦5DF806E0¦4BCB03¦C8¦0
$H¦N¦256¦R.I¦U¦5DF806E1¦4BF242¦C8¦0
$H¦N¦257¦R.I¦U¦5DF806E2¦4C1980¦C8¦0
$H¦N¦258¦R.I¦U¦5DF806E3¦4C40B7¦C8¦0
$H¦N¦259¦R.I¦U¦5DF806E4¦4C67F3¦C8¦0
$H¦N¦25A¦R.I¦U¦5DF806E5¦4C8F14¦C8¦0
$H¦N¦25B¦R.I¦U¦5DF806E6¦4CB659¦C8¦0
$H¦N¦25C¦R.I¦U¦5DF806E7¦4CDD9C¦C8¦0
$H¦N¦25D¦R.I¦U¦5DF806E8¦4D04CE¦C8¦0
$H¦N¦25E¦R.I¦U¦5DF806E9¦4D2C12¦C8¦0
$C¦U¦23C¦R.I¦1¦10¦1¦B¦4D3E10¦66FD6¦T¦66FD6¦B¦0¦0¦0¦0¦1¦66FD6¦Active¦G¦0¦0¦1¦C
$H¦N¦260¦R.I¦U¦5DF806EA¦4D5332¦C8¦0
$H¦N¦261¦R.I¦U¦5DF806EB¦4D7A5D¦C8¦0
$H¦N¦262¦R.I¦U¦5DF806EC¦4DA17F¦C8¦0
$H¦N¦263¦R.I¦U¦5DF806ED¦4DC8A2¦C8¦0
$C¦U¦25F¦R.I¦2¦4¦11¦B¦4DD517¦664DE¦T¦664DE¦B¦9706¦0¦9706¦0¦2¦664DE¦Active¦G¦0¦0¦7¦0
$C¦U¦264¦R.I¦3¦6¦14¦B¦4DD9B7¦67728¦T¦67728¦B¦9BA6¦0¦49F¦0¦3¦67728¦Active¦G¦0¦0¦5¦0
$H¦N¦266¦R.I¦U¦5DF806EE¦4DEFD4¦C8¦0
$C¦U¦265¦R.I¦4¦9¦2¦B¦4DF499¦64CC6¦T¦64CC6¦B¦B688¦0¦1AE1¦0¦4¦64CC6¦Active¦G¦0¦0¦2¦0
$C¦U¦267¦R.I¦5¦8¦6¦B¦4DF90F¦66094¦T¦66094¦B¦BAFE¦0¦475¦0¦5¦66094¦Active¦G¦0¦0¦3¦0
$H¦N¦269¦R.I¦U¦5DF806EF¦4E16F5¦C8¦0
$C¦U¦268¦R.I¦6¦1¦10¦B¦4E2D56¦64788¦T¦64788¦B¦EF45¦0¦3447¦0¦6¦64788¦Active¦G¦0¦0¦A¦0
$C¦U¦26A¦R.I¦7¦7¦8¦B¦4E338C¦63CC9¦T¦63CC9¦B¦F57B¦0¦635¦0¦7¦63CC9¦Active¦G¦0¦0¦4¦0
$F¦U¦26B¦R.I¦G¦C¦4E3558¦C¦0¦0¦0¦0¦10¦0¦196.936
$H¦N¦26D¦R.I¦U¦5DF806F0¦4E3E2C¦C8¦0
$H¦N¦26E¦R.I¦U¦5DF806F1¦4E654D¦C8¦0
$H¦N¦26F¦R.I¦U¦5DF806F2¦4E8C86¦C8¦0
$H¦N¦270¦R.I¦U¦5DF806F3¦4EB3BC¦C8¦0
$H¦N¦271¦R.I¦U¦5DF806F4¦4EDAD0¦C8¦0
$H¦N¦272¦R.I¦U¦5DF806F5¦4F0209¦C8¦0
$H¦N¦273¦R.I¦U¦5DF806F6¦4F294C¦C8¦0
$H¦N¦274¦R.I¦U¦5DF806F7¦4F507D¦C8¦0
$H¦N¦275¦R.I¦U¦5DF806F8¦4F779F¦C8¦0
$H¦N¦276¦R.I¦U¦5DF806F9¦4F9EC6¦C8¦0
$H¦N¦277¦R.I¦U¦5DF806FA¦4FC5DA¦C8¦0
$H¦N¦278¦R.I¦U¦5DF806FB¦4FED1E¦C8¦0
$H¦N¦279¦R.I¦U¦5DF806FC¦501461¦C8¦0
$H¦N¦27A¦R.I¦U¦5DF806FD¦503B72¦C8¦0
$H¦N¦27B¦R.I¦U¦5DF806FE¦5062B5¦C8¦0
$H¦N¦27C¦R.I¦U¦5DF806FF¦5089F8¦C8¦0
$H¦N¦27D¦R.I¦U¦5DF80700¦50B128¦C8¦0
$H¦N¦27E¦R.I¦U¦5DF80701¦50D843¦C8¦0
$H¦N¦27F¦R.I¦U¦5DF80702¦50FF87¦C8¦0
$H¦N¦280¦R.I¦U¦5DF80703¦5126C2¦C8¦0
$H¦N¦281¦R.I¦U¦5DF80704¦514DD6¦C8¦0
$H¦N¦282¦R.I¦U¦5DF80705¦51750E¦C8¦0
$H¦N¦283¦R.I¦U¦5DF80706¦519C2C¦C8¦0
$H¦N¦284¦R.I¦U¦5DF80707¦51C33F¦C8¦0
$H¦N¦285¦R.I¦U¦5DF80708¦51EA56¦C8¦0
$H¦N¦286¦R.I¦U¦5DF80709¦521178¦C8¦0
$H¦N¦287¦R.I¦U¦5DF8070A¦52389D¦C8¦0
$H¦N¦288¦R.I¦U¦5DF8070B¦525FC2¦C8¦0
$H¦N¦289¦R.I¦U¦5DF8070C¦528706¦C8¦0
$H¦N¦28A¦R.I¦U¦5DF8070D¦52AE21¦C8¦0
$H¦N¦28B¦R.I¦U¦5DF8070E¦52D551¦C8¦0
$H¦N¦28C¦R.I¦U¦5DF8070F¦52FC8C¦C8¦0
$H¦N¦28D¦R.I¦U¦5DF80710¦5323B1¦C8¦0
$H¦N¦28E¦R.I¦U¦5DF80711¦534AF5¦C8¦0
$H¦N¦28F¦R.I¦U¦5DF80712¦537239¦C8¦0
$H¦N¦290¦R.I¦U¦5DF80713¦53997C¦C8¦0
$C¦U¦26C¦R.I¦1¦10¦1¦C¦53ADE7¦66FD6¦T¦66FD6¦C¦0¦0¦0¦0¦1¦66FD6¦Active¦G¦0¦0¦1¦D
$H¦N¦292¦R.I¦U¦5DF80714¦53C09D¦C8¦0
$H¦N¦293¦R.I¦U¦5DF80715¦53E7DD¦C8¦0
$H¦N¦294¦R.I¦U¦5DF80716¦540F22¦C8¦0
$H¦N¦295¦R.I¦U¦5DF80717¦543667¦C8¦0
$C¦U¦291¦R.I¦2¦4¦11¦C¦544BB8¦676A0¦T¦676A0¦C¦9DD1¦0¦9DD1¦0¦2¦676A0¦Active¦G¦0¦0¦7¦0
$C¦U¦296¦R.I¦3¦9¦2¦C¦544CC1¦65827¦T¦65827¦C¦9ED9¦0¦108¦0¦3¦65827¦Active¦G¦0¦0¦2¦0
$H¦N¦298¦R.I¦U¦5DF80718¦545D8E¦C8¦0
$C¦U¦297¦R.I¦4¦1¦10¦C¦547693¦6493C¦T¦6493C¦C¦C8AB¦0¦29D2¦0¦4¦6493C¦Active¦G¦0¦0¦A¦0
$H¦N¦29A¦R.I¦U¦5DF80719¦5484CA¦C8¦0
$C¦U¦299¦R.I¦5¦7¦8¦C¦548839¦654AC¦T¦654AC¦C¦DA51¦0¦11A5¦0¦5¦654AC¦Active¦G¦0¦0¦4¦0
$C¦U¦29B¦R.I¦6¦6¦14¦C¦549F8F¦6C5D7¦T¦6C5D7¦C¦F1A7¦0¦1755¦0¦6¦6C5D7¦Active¦G¦0¦0¦5¦0
$C¦U¦29C¦R.I¦7¦8¦6¦C¦54A69F¦6AD90¦T¦6AD90¦C¦F8B8¦0¦710¦0¦7¦6AD90¦Active¦G¦0¦0¦3¦0
$F¦U¦29D¦R.I¦G¦D¦54A874¦D¦0¦0¦0¦0¦10¦0¦198.109
$H¦N¦29F¦R.I¦U¦5DF8071A¦54ABE1¦C8¦0
$H¦N¦2A0¦R.I¦U¦5DF8071B¦54D304¦C8¦0
$H¦N¦2A1¦R.I¦U¦5DF8071C¦54FA38¦C8¦0
$H¦N¦2A2¦R.I¦U¦5DF8071D¦552160¦C8¦0
$H¦N¦2A3¦R.I¦U¦5DF8071E¦554873¦C8¦0
$H¦N¦2A4¦R.I¦U¦5DF8071F¦556F86¦C8¦0
$H¦N¦2A5¦R.I¦U¦5DF80720¦5596AC¦C8¦0
$H¦N¦2A6¦R.I¦U¦5DF80721¦55BDF0¦C8¦0
$H¦N¦2A7¦R.I¦U¦5DF80722¦55E52D¦C8¦0
$H¦N¦2A8¦R.I¦U¦5DF80723¦560C64¦C8¦0
$H¦N¦2A9¦R.I¦U¦5DF80724¦5633A7¦C8¦0
$H¦N¦2AA¦R.I¦U¦5DF80725¦565AD3¦C8¦0
$H¦N¦2AB¦R.I¦U¦5DF80726¦5681EB¦C8¦0
$H¦N¦2AC¦R.I¦U¦5DF80727¦56A90B¦C8¦0
$H¦N¦2AD¦R.I¦U¦5DF80728¦56D037¦C8¦0
$H¦N¦2AE¦R.I¦U¦5DF80729¦56F77A¦C8¦0
$H¦N¦2AF¦R.I¦U¦5DF8072A¦571EAC¦C8¦0
$H¦N¦2B0¦R.I¦U¦5DF8072B¦5745C1¦C8¦0
$H¦N¦2B1¦R.I¦U¦5DF8072C¦576D04¦C8¦0
$H¦N¦2B2¦R.I¦U¦5DF8072D¦579448¦C8¦0
$H¦N¦2B3¦R.I¦U¦5DF8072E¦57BB8D¦C8¦0
$H¦N¦2B4¦R.I¦U¦5DF8072F¦57E2C2¦C8¦0
$H¦N¦2B5¦R.I¦U¦5DF80730¦5809F6¦C8¦0
$H¦N¦2B6¦R.I¦U¦5DF80731¦58310D¦C8¦0
$H¦N¦2B7¦R.I¦U¦5DF80732¦58584B¦C8¦0
$H¦N¦2B8¦R.I¦U¦5DF80733¦587F6A¦C8¦0
$H¦N¦2B9¦R.I¦U¦5DF80734¦58A6AE¦C8¦0
$H¦N¦2BA¦R.I¦U¦5DF80735¦58CDD5¦C8¦0
$H¦N¦2BB¦R.I¦U¦5DF80736¦58F4FE¦C8¦0
$H¦N¦2BC¦R.I¦U¦5DF80737¦591C42¦C8¦0
$H¦N¦2BD¦R.I¦U¦5DF80738¦59437C¦C8¦0
$H¦N¦2BE¦R.I¦U¦5DF80739¦596ABC¦C8¦0
$H¦N¦2BF¦R.I¦U¦5DF8073A¦5991FB¦C8¦0
$H¦N¦2C0¦R.I¦U¦5DF8073B¦59B915¦C8¦0
$H¦N¦2C1¦R.I¦U¦5DF8073C¦59E058¦C8¦0
$H¦N¦2C2¦R.I¦U¦5DF8073D¦5A0775¦C8¦0
$C¦U¦29E¦R.I¦1¦10¦1¦D¦5A1DBE¦66FD6¦T¦66FD6¦D¦0¦0¦0¦0¦1¦66FD6¦Active¦G¦0¦0¦1¦E
$H¦N¦2C4¦R.I¦U¦5DF8073E¦5A2EA8¦C8¦0
$H¦N¦2C5¦R.I¦U¦5DF8073F¦5A55EC¦C8¦0
$H¦N¦2C6¦R.I¦U¦5DF80740¦5A7CFF¦C8¦0
$H¦N¦2C7¦R.I¦U¦5DF80741¦5AA428¦C8¦0
$C¦U¦2C3¦R.I¦2¦4¦11¦D¦5AB03E¦66485¦T¦66485¦D¦927F¦0¦927F¦0¦2¦66485¦Active¦G¦0¦0¦7¦0
$H¦N¦2C9¦R.I¦U¦5DF80742¦5ACB60¦C8¦0
$C¦U¦2C8¦R.I¦3¦7¦8¦D¦5AD500¦64CC6¦T¦64CC6¦D¦B741¦0¦24C1¦0¦3¦64CC6¦Active¦G¦0¦0¦4¦0
$C¦U¦2CA¦R.I¦4¦6¦14¦D¦5AD72C¦6379D¦T¦6379D¦D¦B96E¦0¦22C¦0¦4¦6379D¦Active¦G¦0¦0¦5¦0
$C¦U¦2CB¦R.I¦5¦1¦10¦D¦5AD789¦660F6¦T¦660F6¦D¦B9CB¦0¦5D¦0¦5¦660F6¦Active¦G¦0¦0¦A¦0
$H¦N¦2CD¦R.I¦U¦5DF80743¦5AF29F¦C8¦0
$C¦U¦2CC¦R.I¦6¦8¦6¦D¦5AFB4C¦654AC¦T¦654AC¦D¦DD8E¦0¦23C2¦0¦6¦654AC¦Active¦G¦0¦0¦3¦0
$H¦N¦2CF¦R.I¦U¦5DF80744¦5B19D3¦C8¦0
$H¦N¦2D0¦R.I¦U¦5DF80745¦5B4115¦C8¦0
$H¦N¦2D1¦R.I¦U¦5DF80746¦5B683F¦C8¦0
$C¦U¦2CE¦R.I¦7¦9¦2¦D¦5B6AF0¦71E2F¦T¦71E2F¦D¦14D32¦0¦6FA4¦0¦7¦71E2F¦Active¦G¦0¦0¦2¦0
$F¦U¦2D2¦R.I¦G¦E¦5B6ED3¦E¦0¦0¦0¦0¦10¦0¦199.124
$H¦N¦2D4¦R.I¦U¦5DF80747¦5B8F7D¦C8¦0
$H¦N¦2D5¦R.I¦U¦5DF80748¦5BB6B5¦C8¦0
$H¦N¦2D6¦R.I¦U¦5DF80749¦5BDDD3¦C8¦0
$H¦N¦2D7¦R.I¦U¦5DF8074A¦5C04F8¦C8¦0
$H¦N¦2D8¦R.I¦U¦5DF8074B¦5C2C2D¦C8¦0
$H¦N¦2D9¦R.I¦U¦5DF8074C¦5C5347¦C8¦0
$H¦N¦2DA¦R.I¦U¦5DF8074D¦5C7A6D¦C8¦0
$H¦N¦2DB¦R.I¦U¦5DF8074E¦5CA1AB¦C8¦0
$H¦N¦2DC¦R.I¦U¦5DF8074F¦5CC8EC¦C8¦0
$H¦N¦2DD¦R.I¦U¦5DF80750¦5CF02D¦C8¦0
$H¦N¦2DE¦R.I¦U¦5DF80751¦5D174B¦C8¦0
$H¦N¦2DF¦R.I¦U¦5DF80752¦5D3E83¦C8¦0
$H¦N¦2E0¦R.I¦U¦5DF80753¦5D65C1¦C8¦0
$H¦N¦2E1¦R.I¦U¦5DF80754¦5D8D04¦C8¦0
$H¦N¦2E2¦R.I¦U¦5DF80755¦5DB430¦C8¦0
$H¦N¦2E3¦R.I¦U¦5DF80756¦5DDB56¦C8¦0
$H¦N¦2E4¦R.I¦U¦5DF80757¦5E029A¦C8¦0
$H¦N¦2E5¦R.I¦U¦5DF80758¦5E29B4¦C8¦0
$H¦N¦2E6¦R.I¦U¦5DF80759¦5E50EB¦C8¦0
$H¦N¦2E7¦R.I¦U¦5DF8075A¦5E7818¦C8¦0
$H¦N¦2E8¦R.I¦U¦5DF8075B¦5E9F3D¦C8¦0
$H¦N¦2E9¦R.I¦U¦5DF8075C¦5EC660¦C8¦0
$H¦N¦2EA¦R.I¦U¦5DF8075D¦5EED77¦C8¦0
$H¦N¦2EB¦R.I¦U¦5DF8075E¦5F14B7¦C8¦0
$H¦N¦2EC¦R.I¦U¦5DF8075F¦5F3BF3¦C8¦0
$H¦N¦2ED¦R.I¦U¦5DF80760¦5F6333¦C8¦0
$H¦N¦2EE¦R.I¦U¦5DF80761¦5F8A6D¦C8¦0
$H¦N¦2EF¦R.I¦U¦5DF80762¦5FB18B¦C8¦0
$H¦N¦2F0¦R.I¦U¦5DF80763¦5FD8B8¦C8¦0
$H¦N¦2F1¦R.I¦U¦5DF80764¦5FFFCF¦C8¦0
$H¦N¦2F2¦R.I¦U¦5DF80765¦602708¦C8¦0
$H¦N¦2F3¦R.I¦U¦5DF80766¦604E4B¦C8¦0
$H¦N¦2F4¦R.I¦U¦5DF80767¦60758F¦C8¦0
$C¦U¦2D3¦R.I¦1¦10¦1¦E¦608D95¦66FD6¦T¦66FD6¦E¦0¦0¦0¦0¦1¦66FD6¦Active¦G¦0¦0¦1¦F
$H¦N¦2F6¦R.I¦U¦5DF80768¦609CBE¦C8¦0
$H¦N¦2F7¦R.I¦U¦5DF80769¦60C3DB¦C8¦0
$H¦N¦2F8¦R.I¦U¦5DF8076A¦60EB12¦C8¦0
$H¦N¦2F9¦R.I¦U¦5DF8076B¦611249¦C8¦0
$C¦U¦2F5¦R.I¦2¦4¦11¦E¦61307E¦68040¦T¦68040¦E¦A2E9¦0¦A2E9¦0¦2¦68040¦Active¦G¦0¦0¦7¦0
$H¦N¦2FB¦R.I¦U¦5DF8076C¦613981¦C8¦0
$C¦U¦2FA¦R.I¦3¦7¦8¦E¦613BD8¦666D8¦T¦666D8¦E¦AE43¦0¦B59¦0¦3¦666D8¦Active¦G¦0¦0¦4¦0
$C¦U¦2FC¦R.I¦4¦8¦6¦E¦614524¦649D8¦T¦649D8¦E¦B78F¦0¦94C¦0¦4¦649D8¦Active¦G¦0¦0¦3¦0
$H¦N¦2FE¦R.I¦U¦5DF8076D¦6160AE¦C8¦0
$H¦N¦2FF¦R.I¦U¦5DF8076E¦6187E9¦C8¦0
$C¦U¦2FD¦R.I¦5¦1¦10¦E¦61942A¦6BCA0¦T¦6BCA0¦E¦10695¦0¦4F05¦0¦5¦6BCA0¦Active¦G¦0¦0¦A¦0
$H¦N¦301¦R.I¦U¦5DF8076F¦61AF19¦C8¦0
$C¦U¦300¦R.I¦6¦9¦2¦E¦61C3A6¦658B5¦T¦658B5¦E¦13611¦0¦2F7C¦0¦6¦658B5¦Active¦G¦0¦0¦2¦0
$C¦U¦302¦R.I¦7¦6¦14¦E¦61CC0E¦6F4E1¦T¦6F4E1¦E¦13E79¦0¦868¦0¦7¦6F4E1¦Active¦G¦0¦0¦5¦0
$F¦U¦303¦R.I¦G¦F¦61CEAD¦F¦0¦0¦0¦0¦10¦0¦200.013
$H¦N¦305¦R.I¦U¦5DF80770¦61D637¦C8¦0
$H¦N¦306¦R.I¦U¦5DF80771¦61FD74¦C8¦0
$H¦N¦307¦R.I¦U¦5DF80772¦62249C¦C8¦0
$H¦N¦308¦R.I¦U¦5DF80773¦624BBF¦C8¦0
$H¦N¦309¦R.I¦U¦5DF80774¦6272F5¦C8¦0
$H¦N¦30A¦R.I¦U¦5DF80775¦629A24¦C8¦0
$H¦N¦30B¦R.I¦U¦5DF80776¦62C16A¦C8¦0
$H¦N¦30C¦R.I¦U¦5DF80777¦62E889¦C8¦0
$H¦N¦30D¦R.I¦U¦5DF80778¦630F9E¦C8¦0
$H¦N¦30E¦R.I¦U¦5DF80779¦6336BD¦C8¦0
$H¦N¦30F¦R.I¦U¦5DF8077A¦635DDF¦C8¦0
$H¦N¦310¦R.I¦U¦5DF8077B¦638517¦C8¦0
$H¦N¦311¦R.I¦U¦5DF8077C¦63AC42¦C8¦0
$H¦N¦312¦R.I¦U¦5DF8077D¦63D384¦C8¦0
$H¦N¦313¦R.I¦U¦5DF8077E¦63FAAD¦C8¦0
$H¦N¦314¦R.I¦U¦5DF8077F¦6421C3¦C8¦0
$H¦N¦315¦R.I¦U¦5DF80780¦644900¦C8¦0
$H¦N¦316¦R.I¦U¦5DF80781¦647019¦C8¦0
$H¦N¦317¦R.I¦U¦5DF80782¦649753¦C8¦0
$H¦N¦318¦R.I¦U¦5DF80783¦64BE97¦C8¦0
$H¦N¦319¦R.I¦U¦5DF80784¦64E5D8¦C8¦0
$H¦N¦31A¦R.I¦U¦5DF80785¦650D10¦C8¦0
$H¦N¦31B¦R.I¦U¦5DF80786¦653429¦C8¦0
$H¦N¦31C¦R.I¦U¦5DF80787¦655B56¦C8¦0
$H¦N¦31D¦R.I¦U¦5DF80788¦65829A¦C8¦0
$H¦N¦31E¦R.I¦U¦5DF80789¦65A9D3¦C8¦0
$H¦N¦31F¦R.I¦U¦5DF8078A¦65D0EE¦C8¦0
$H¦N¦320¦R.I¦U¦5DF8078B¦65F817¦C8¦0
$H¦N¦321¦R.I¦U¦5DF8078C¦661F34¦C8¦0
$H¦N¦322¦R.I¦U¦5DF8078D¦66465D¦C8¦0
$H¦N¦323¦R.I¦U¦5DF8078E¦666D7E¦C8¦0
$H¦N¦324¦R.I¦U¦5DF80790¦6694B5¦C8¦0
$H¦N¦325¦R.I¦U¦5DF80791¦66BBD4¦C8¦0
$H¦N¦326¦R.I¦U¦5DF80792¦66E306¦C8¦0
$C¦U¦304¦R.I¦1¦10¦1¦F¦66FD6B¦66FD6¦T¦66FD6¦F¦0¦0¦0¦0¦1¦66FD6¦Active¦G¦0¦0¦1¦10
$H¦N¦328¦R.I¦U¦5DF80793¦670A1A¦C8¦0
$H¦N¦329¦R.I¦U¦5DF80794¦67313C¦C8¦0
$H¦N¦32A¦R.I¦U¦5DF80795¦675853¦C8¦0
$H¦N¦32B¦R.I¦U¦5DF80796¦677F96¦C8¦0
$C¦U¦327¦R.I¦2¦4¦11¦F¦679130¦660B1¦T¦660B1¦F¦93C4¦0¦93C4¦0¦2¦660B1¦Active¦G¦0¦0¦7¦0
$C¦U¦32C¦R.I¦3¦7¦8¦F¦679420¦65847¦T¦65847¦F¦96B4¦0¦2EF¦0¦3¦65847¦Active¦G¦0¦0¦4¦0
$C¦U¦32D¦R.I¦4¦8¦6¦F¦679C83¦6575F¦T¦6575F¦F¦9F17¦0¦863¦0¦4¦6575F¦Active¦G¦0¦0¦3¦0
$H¦N¦32F¦R.I¦U¦5DF80797¦67A6DA¦C8¦0
$H¦N¦330¦R.I¦U¦5DF80798¦67CE17¦C8¦0
$H¦N¦331¦R.I¦U¦5DF80799¦67F551¦C8¦0
$C¦U¦32E¦R.I¦5¦1¦10¦F¦67F45A¦66030¦T¦66030¦F¦F6EE¦0¦57D6¦0¦5¦66030¦Active¦G¦0¦0¦A¦0
$C¦U¦332¦R.I¦6¦6¦14¦F¦680398¦63789¦T¦63789¦F¦1062C¦0¦F3D¦0¦6¦63789¦Active¦G¦0¦0¦5¦0
$C¦U¦333¦R.I¦7¦9¦2¦F¦680F2E¦64B88¦T¦64B88¦F¦111C2¦0¦B96¦0¦7¦64B88¦Active¦G¦0¦0¦2¦0
$F¦U¦334¦R.I¦G¦10¦6812A0¦10¦0¦0¦0¦0¦10¦0¦200.798
$H¦N¦336¦R.I¦U¦5DF8079A¦681C94¦C8¦0
$H¦N¦337¦R.I¦U¦5DF8079B¦6843C8¦C8¦0
$H¦N¦338¦R.I¦U¦5DF8079C¦686AEC¦C8¦0
$H¦N¦339¦R.I¦U¦5DF8079D¦689216¦C8¦0
$H¦N¦33A¦R.I¦U¦5DF8079E¦68B959¦C8¦0
$H¦N¦33B¦R.I¦U¦5DF8079F¦68E098¦C8¦0
$H¦N¦33C¦R.I¦U¦5DF807A0¦6907B5¦C8¦0
$H¦N¦33D¦R.I¦U¦5DF807A1¦692EF8¦C8¦0
$H¦N¦33E¦R.I¦U¦5DF807A2¦695618¦C8¦0
$H¦N¦33F¦R.I¦U¦5DF807A3¦697D3A¦C8¦0
$H¦N¦340¦R.I¦U¦5DF807A4¦69A46C¦C8¦0
$H¦N¦341¦R.I¦U¦5DF807A5¦69CB8E¦C8¦0
$H¦N¦342¦R.I¦U¦5DF807A6¦69F2C1¦C8¦0
$H¦N¦343¦R.I¦U¦5DF807A7¦6A19EF¦C8¦0
$H¦N¦344¦R.I¦U¦5DF807A8¦6A4118¦C8¦0
$H¦N¦345¦R.I¦U¦5DF807A9¦6A6845¦C8¦0
$H¦N¦346¦R.I¦U¦5DF807AA¦6A8F66¦C8¦0
$H¦N¦347¦R.I¦U¦5DF807AB¦6AB69C¦C8¦0
$H¦N¦348¦R.I¦U¦5DF807AC¦6ADDCB¦C8¦0
$H¦N¦349¦R.I¦U¦5DF807AD¦6B04E2¦C8¦0
$H¦N¦34A¦R.I¦U¦5DF807AE¦6B2C0A¦C8¦0
$H¦N¦34B¦R.I¦U¦5DF807AF¦6B5332¦C8¦0
$H¦N¦34C¦R.I¦U¦5DF807B0¦6B7A58¦C8¦0
$H¦N¦34D¦R.I¦U¦5DF807B1¦6BA187¦C8¦0
$H¦N¦34E¦R.I¦U¦5DF807B2¦6BC89E¦C8¦0
$H¦N¦34F¦R.I¦U¦5DF807B3¦6BEFD5¦C8¦0
$H¦N¦350¦R.I¦U¦5DF807B4¦6C16E9¦C8¦0
$H¦N¦351¦R.I¦U¦5DF807B5¦6C3E24¦C8¦0
$H¦N¦352¦R.I¦U¦5DF807B6¦6C653D¦C8¦0
$H¦N¦353¦R.I¦U¦5DF807B7¦6C8C7A¦C8¦0
$H¦N¦354¦R.I¦U¦5DF807B8¦6CB3B3¦C8¦0
$H¦N¦355¦R.I¦U¦5DF807B9¦6CDADF¦C8¦0
$H¦N¦356¦R.I¦U¦5DF807BA¦6D0213¦C8¦0
$H¦N¦357¦R.I¦U¦5DF807BB¦6D2957¦C8¦0
$H¦N¦358¦R.I¦U¦5DF807BC¦6D5083¦C8¦0
$C¦U¦335¦R.I¦1¦10¦1¦10¦6D6D42¦66FD6¦T¦66FD6¦10¦0¦0¦0¦0¦1¦66FD6¦Active¦G¦0¦0¦1¦11
$H¦N¦35A¦R.I¦U¦5DF807BD¦6D77B9¦C8¦0
$H¦N¦35B¦R.I¦U¦5DF807BE¦6D9EFE¦C8¦0
$H¦N¦35C¦R.I¦U¦5DF807BF¦6DC614¦C8¦0
$H¦N¦35D¦R.I¦U¦5DF807C0¦6DED4D¦C8¦0
$C¦U¦359¦R.I¦2¦8¦6¦10¦6DEBF4¦64F71¦T¦64F71¦10¦7EB2¦0¦7EB2¦0¦2¦64F71¦Active¦G¦0¦0¦3¦0
$C¦U¦35E¦R.I¦3¦4¦11¦10¦6E0858¦67728¦T¦67728¦10¦9B16¦0¦1C63¦0¦3¦67728¦Active¦G¦0¦0¦7¦0
$H¦N¦360¦R.I¦U¦5DF807C1¦6E146D¦C8¦0
$C¦U¦35F¦R.I¦4¦6¦14¦10¦6E35EC¦63253¦T¦63253¦10¦C8A9¦0¦2D93¦0¦4¦63253¦Active¦G¦0¦0¦5¦0
$H¦N¦362¦R.I¦U¦5DF807C2¦6E3B85¦C8¦0
$C¦U¦361¦R.I¦5¦9¦2¦10¦6E45F6¦636C8¦T¦636C8¦10¦D8B4¦0¦100A¦0¦5¦636C8¦Active¦G¦0¦0¦2¦0
$C¦U¦363¦R.I¦6¦1¦10¦10¦6E54F2¦66098¦T¦66098¦10¦E7B0¦0¦EFC¦0¦6¦66098¦Active¦G¦0¦0¦A¦0
$H¦N¦365¦R.I¦U¦5DF807C3¦6E62BB¦C8¦0
$H¦N¦366¦R.I¦U¦5DF807C4¦6E89E1¦C8¦0
$H¦N¦367¦R.I¦U¦5DF807C5¦6EB11A¦C8¦0
$C¦U¦364¦R.I¦7¦7¦8¦10¦6EB2B5¦71E95¦T¦71E95¦10¦14572¦0¦5DC2¦0¦7¦71E95¦Active¦G¦0¦0¦4¦0
$F¦U¦368¦R.I¦G¦11¦6EB4D2¦11¦0¦0¦0¦0¦10¦0¦201.495
$H¦N¦36A¦R.I¦U¦5DF807C6¦6ED84C¦C8¦0
$H¦N¦36B¦R.I¦U¦5DF807C7¦6EFF87¦C8¦0
$H¦N¦36C¦R.I¦U¦5DF807C8¦6F26AD¦C8¦0
$H¦N¦36D¦R.I¦U¦5DF807C9¦6F4DE3¦C8¦0
$H¦N¦36E¦R.I¦U¦5DF807CA¦6F7527¦C8¦0
$H¦N¦36F¦R.I¦U¦5DF807CB¦6F9C3E¦C8¦0
$H¦N¦370¦R.I¦U¦5DF807CC¦6FC36B¦C8¦0
$H¦N¦371¦R.I¦U¦5DF807CD¦6FEAA1¦C8¦0
$H¦N¦372¦R.I¦U¦5DF807CE¦7011C6¦C8¦0
$H¦N¦373¦R.I¦U¦5DF807CF¦7038EB¦C8¦0
$H¦N¦374¦R.I¦U¦5DF807D0¦706000¦C8¦0
$H¦N¦375¦R.I¦U¦5DF807D1¦708745¦C8¦0
$H¦N¦376¦R.I¦U¦5DF807D2¦70AE88¦C8¦0
$H¦N¦377¦R.I¦U¦5DF807D3¦70D5B2¦C8¦0
$H¦N¦378¦R.I¦U¦5DF807D4¦70FCF1¦C8¦0
$H¦N¦379¦R.I¦U¦5DF807D5¦71240E¦C8¦0
$H¦N¦37A¦R.I¦U¦5DF807D6¦714B50¦C8¦0
$H¦N¦37B¦R.I¦U¦5DF807D7¦71728C¦C8¦0
$H¦N¦37C¦R.I¦U¦5DF807D8¦7199BB¦C8¦0
$H¦N¦37D¦R.I¦U¦5DF807D9¦71C0EB¦C8¦0
$H¦N¦37E¦R.I¦U¦5DF807DA¦71E815¦C8¦0
$H¦N¦37F¦R.I¦U¦5DF807DB¦720F31¦C8¦0
$H¦N¦380¦R.I¦U¦5DF807DC¦723665¦C8¦0
$H¦N¦381¦R.I¦U¦5DF807DD¦725D92¦C8¦0
$H¦N¦382¦R.I¦U¦5DF807DE¦7284BC¦C8¦0
$H¦N¦383¦R.I¦U¦5DF807DF¦72ABEC¦C8¦0
$H¦N¦384¦R.I¦U¦5DF807E0¦72D322¦C8¦0
$H¦N¦385¦R.I¦U¦5DF807E1¦72FA56¦C8¦0
$H¦N¦386¦R.I¦U¦5DF807E2¦732183¦C8¦0
$H¦N¦387¦R.I¦U¦5DF807E3¦7348A5¦C8¦0
$H¦N¦388¦R.I¦U¦5DF807E4¦736FE8¦C8¦0
$H¦N¦389¦R.I¦U¦5DF807E5¦7396FD¦C8¦0
$H¦N¦38A¦R.I¦U¦5DF807E6¦73BE1F¦C8¦0
$C¦U¦369¦R.I¦1¦10¦1¦11¦73DD19¦66FD6¦T¦66FD6¦11¦0¦0¦0¦0¦1¦66FD6¦Active¦G¦0¦0¦1¦12
$H¦N¦38C¦R.I¦U¦5DF807E7¦73E548¦C8¦0
$H¦N¦38D¦R.I¦U¦5DF807E8¦740C84¦C8¦0
$H¦N¦38E¦R.I¦U¦5DF807E9¦7433C4¦C8¦0
$H¦N¦38F¦R.I¦U¦5DF807EA¦745AEE¦C8¦0
$C¦U¦38B¦R.I¦2¦4¦11¦11¦747571¦66D18¦T¦66D18¦11¦9857¦0¦9857¦0¦2¦66D18¦Active¦G¦0¦0¦7¦0
$H¦N¦391¦R.I¦U¦5DF807EB¦748222¦C8¦0
$C¦U¦390¦R.I¦3¦1¦10¦11¦748A44¦63551¦T¦63551¦11¦AD2B¦0¦14D3¦0¦3¦63551¦Active¦G¦0¦0¦A¦0
$C¦U¦392¦R.I¦4¦9¦2¦11¦7492BD¦64CC6¦T¦64CC6¦11¦B5A4¦0¦879¦0¦4¦64CC6¦Active¦G¦0¦0¦2¦0
$C¦U¦393¦R.I¦5¦6¦14¦11¦749792¦661A6¦T¦661A6¦11¦BA78¦0¦4D4¦0¦5¦661A6¦Active¦G¦0¦0¦5¦0
$C¦U¦394¦R.I¦6¦8¦6¦11¦74A559¦6B964¦T¦6B964¦11¦C840¦0¦DC7¦0¦6¦6B964¦Active¦G¦0¦0¦3¦0
$H¦N¦396¦R.I¦U¦5DF807EC¦74A968¦C8¦0
$H¦N¦397¦R.I¦U¦5DF807ED¦74D0A7¦C8¦0
$H¦N¦398¦R.I¦U¦5DF807EE¦74F7E7¦C8¦0
$C¦U¦395¦R.I¦7¦7¦8¦11¦75077A¦654C5¦T¦654C5¦11¦12A61¦0¦6221¦0¦7¦654C5¦Active¦G¦0¦0¦4¦0
$F¦U¦399¦R.I¦G¦12¦7507BA¦12¦0¦0¦0¦0¦10¦0¦202.119
$H¦N¦39B¦R.I¦U¦5DF807EF¦751F28¦C8¦0
$H¦N¦39C¦R.I¦U¦5DF807F0¦754659¦C8¦0
$H¦N¦39D¦R.I¦U¦5DF807F1¦756D8B¦C8¦0
$H¦N¦39E¦R.I¦U¦5DF807F2¦7594C1¦C8¦0
$H¦N¦39F¦R.I¦U¦5DF807F3¦75BBD5¦C8¦0
$H¦N¦3A0¦R.I¦U¦5DF807F4¦75E31A¦C8¦0
$H¦N¦3A1¦R.I¦U¦5DF807F5¦760A60¦C8¦0
$H¦N¦3A2¦R.I¦U¦5DF807F6¦76318F¦C8¦0
$H¦N¦3A3¦R.I¦U¦5DF807F7¦7658B6¦C8¦0
$H¦N¦3A4¦R.I¦U¦5DF807F8¦767FF7¦C8¦0
$H¦N¦3A5¦R.I¦U¦5DF807F9¦76A724¦C8¦0
$H¦N¦3A6¦R.I¦U¦5DF807FA¦76CE5F¦C8¦0
$H¦N¦3A7¦R.I¦U¦5DF807FB¦76F59A¦C8¦0
$H¦N¦3A8¦R.I¦U¦5DF807FC¦771CCC¦C8¦0
$H¦N¦3A9¦R.I¦U¦5DF807FD¦7743E2¦C8¦0
$H¦N¦3AA¦R.I¦U¦5DF807FE¦776AF7¦C8¦0
$H¦N¦3AB¦R.I¦U¦5DF807FF¦779224¦C8¦0
$H¦N¦3AC¦R.I¦U¦5DF80800¦77B943¦C8¦0
$H¦N¦3AD¦R.I¦U¦5DF80801¦77E07C¦C8¦0
$H¦N¦3AE¦R.I¦U¦5DF80802¦7807CF¦C8¦0
$H¦N¦3AF¦R.I¦U¦5DF80803¦782F0B¦C8¦0
$H¦N¦3B0¦R.I¦U¦5DF80804¦785626¦C8¦0
$H¦N¦3B1¦R.I¦U¦5DF80805¦787D51¦C8¦0
$H¦N¦3B2¦R.I¦U¦5DF80806¦78A476¦C8¦0
$H¦N¦3B3¦R.I¦U¦5DF80807¦78CBA1¦C8¦0
$H¦N¦3B4¦R.I¦U¦5DF80808¦78F2C2¦C8¦0
$H¦N¦3B5¦R.I¦U¦5DF80809¦7919E9¦C8¦0
$H¦N¦3B6¦R.I¦U¦5DF8080A¦79412B¦C8¦0
$H¦N¦3B7¦R.I¦U¦5DF8080B¦79686E¦C8¦0
$H¦N¦3B8¦R.I¦U¦5DF8080C¦798F9C¦C8¦0
$H¦N¦3B9¦R.I¦U¦5DF8080D¦79B6BA¦C8¦0
$H¦N¦3BA¦R.I¦U¦5DF8080E¦79DDE0¦C8¦0
$H¦N¦3BB¦R.I¦U¦5DF8080F¦7A04FB¦C8¦0
$H¦N¦3BC¦R.I¦U¦5DF80810¦7A2C13¦C8¦0
$C¦U¦39A¦R.I¦1¦10¦1¦12¦7A4CF0¦66FD6¦T¦66FD6¦12¦0¦0¦0¦0¦1¦66FD6¦Active¦G¦0¦0¦1¦13
$H¦N¦3BE¦R.I¦U¦5DF80811¦7A5357¦C8¦0
$H¦N¦3BF¦R.I¦U¦5DF80812¦7A7A9C¦C8¦0
$H¦N¦3C0¦R.I¦U¦5DF80813¦7AA1E1¦C8¦0
$H¦N¦3C1¦R.I¦U¦5DF80814¦7AC918¦C8¦0
$C¦U¦3BD¦R.I¦2¦1¦10¦12¦7AE3C6¦65981¦T¦65981¦12¦96D6¦0¦96D6¦0¦2¦65981¦Active¦G¦0¦0¦A¦0
$C¦U¦3C2¦R.I¦3¦9¦2¦12¦7AE3D7¦65119¦T¦65119¦12¦96E7¦0¦10¦0¦3¦65119¦Active¦G¦0¦0¦2¦0
$C¦U¦3C3¦R.I¦4¦4¦11¦12¦7AEC12¦676A0¦T¦676A0¦12¦9F22¦0¦83A¦0¦4¦676A0¦Active¦G¦0¦0¦7¦0
$H¦N¦3C5¦R.I¦U¦5DF80815¦7AF033¦C8¦0
$C¦U¦3C4¦R.I¦5¦8¦6¦12¦7AF6FC¦651A3¦T¦651A3¦12¦AA0C¦0¦AEA¦0¦5¦651A3¦Active¦G¦0¦0¦3¦0
$H¦N¦3C7¦R.I¦U¦5DF80816¦7B1754¦C8¦0
$C¦U¦3C6¦R.I¦6¦6¦14¦12¦7B33DD¦69C4A¦T¦69C4A¦12¦E6ED¦0¦3CE0¦0¦6¦69C4A¦Active¦G¦0¦0¦5¦0
$H¦N¦3C9¦R.I¦U¦5DF80817¦7B3E8C¦C8¦0
$C¦U¦3C8¦R.I¦7¦7¦8¦12¦7B5F0C¦65792¦T¦65792¦12¦1121C¦0¦2B2F¦0¦7¦65792¦Active¦G¦0¦0¦4¦0
$F¦U¦3CA¦R.I¦G¦13¦7B625F¦13¦0¦0¦0¦0¦10¦0¦202.680
$H¦N¦3CC¦R.I¦U¦5DF80818¦7B65A9¦C8¦0
$H¦N¦3CD¦R.I¦U¦5DF80819¦7B8CBF¦C8¦0
$H¦N¦3CE¦R.I¦U¦5DF8081A¦7BB3EC¦C8¦0
$H¦N¦3CF¦R.I¦U¦5DF8081B¦7BDB1C¦C8¦0
$H¦N¦3D0¦R.I¦U¦5DF8081C¦7C0250¦C8¦0
$H¦N¦3D1¦R.I¦U¦5DF8081D¦7C2995¦C8¦0
$H¦N¦3D2¦R.I¦U¦5DF8081E¦7C50AC¦C8¦0
$H¦N¦3D3¦R.I¦U¦5DF8081F¦7C77E4¦C8¦0
$H¦N¦3D4¦R.I¦U¦5DF80820¦7C9F18¦C8¦0
$H¦N¦3D5¦R.I¦U¦5DF80821¦7CC64C¦C8¦0
$H¦N¦3D6¦R.I¦U¦5DF80822¦7CED80¦C8¦0
$H¦N¦3D7¦R.I¦U¦5DF80823¦7D14AC¦C8¦0
$H¦N¦3D8¦R.I¦U¦5DF80824¦7D3BDF¦C8¦0
$H¦N¦3D9¦R.I¦U¦5DF80825¦7D630C¦C8¦0
$H¦N¦3DA¦R.I¦U¦5DF80826¦7D8A2E¦C8¦0
$H¦N¦3DB¦R.I¦U¦5DF80827¦7DB170¦C8¦0
$H¦N¦3DC¦R.I¦U¦5DF80828¦7DD8AB¦C8¦0
$H¦N¦3DD¦R.I¦U¦5DF80829¦7DFFE6¦C8¦0
$H¦N¦3DE¦R.I¦U¦5DF8082A¦7E2719¦C8¦0
$H¦N¦3DF¦R.I¦U¦5DF8082B¦7E4E38¦C8¦0
$H¦N¦3E0¦R.I¦U¦5DF8082C¦7E7552¦C8¦0
$H¦N¦3E1¦R.I¦U¦5DF8082D¦7E9C97¦C8¦0
$H¦N¦3E2¦R.I¦U¦5DF8082E¦7EC3B7¦C8¦0
$H¦N¦3E3¦R.I¦U¦5DF8082F¦7EEAFC¦C8¦0
$H¦N¦3E4¦R.I¦U¦5DF80830¦7F1215¦C8¦0
$H¦N¦3E5¦R.I¦U¦5DF80831¦7F392C¦C8¦0
$H¦N¦3E6¦R.I¦U¦5DF80832¦7F6041¦C8¦0
$H¦N¦3E7¦R.I¦U¦5DF80833¦7F8787¦C8¦0
$H¦N¦3E8¦R.I¦U¦5DF80834¦7FAEB5¦C8¦0
$H¦N¦3E9¦R.I¦U¦5DF80835¦7FD5E3¦C8¦0
$H¦N¦3EA¦R.I¦U¦5DF80836¦7FFD1B¦C8¦0
$H¦N¦3EB¦R.I¦U¦5DF80837¦802461¦C8¦0
$H¦N¦3EC¦R.I¦U¦5DF80838¦804B91¦C8¦0
$H¦N¦3ED¦R.I¦U¦5DF80839¦8072C6¦C8¦0
$H¦N¦3EE¦R.I¦U¦5DF8083A¦809A0B¦C8¦0
$C¦U¦3CB¦R.I¦1¦10¦1¦13¦80BCC6¦66FD6¦T¦66FD6¦13¦0¦0¦0¦0¦1¦66FD6¦Active¦G¦0¦0¦1¦14
$H¦N¦3F0¦R.I¦U¦5DF8083B¦80C144¦C8¦0
$H¦N¦3F1¦R.I¦U¦5DF8083C¦80E85B¦C8¦0
$H¦N¦3F2¦R.I¦U¦5DF8083D¦810F92¦C8¦0
$H¦N¦3F3¦R.I¦U¦5DF8083E¦8136B7¦C8¦0
$C¦U¦3EF¦R.I¦2¦4¦11¦13¦813B83¦64F71¦T¦64F71¦13¦7EBC¦0¦7EBC¦0¦2¦64F71¦Active¦G¦0¦0¦7¦0
$C¦U¦3F4¦R.I¦3¦8¦6¦13¦81542F¦65D33¦T¦65D33¦13¦9769¦0¦18AC¦0¦3¦65D33¦Active¦G¦0¦0¦3¦0
$C¦U¦3F5¦R.I¦4¦1¦10¦13¦815A67¦676A0¦T¦676A0¦13¦9DA0¦0¦637¦0¦4¦676A0¦Active¦G¦0¦0¦A¦0
$H¦N¦3F7¦R.I¦U¦5DF8083F¦815DD9¦C8¦0
$C¦U¦3F6¦R.I¦5¦6¦14¦13¦8180C8¦64CEB¦T¦64CEB¦13¦C401¦0¦2661¦0¦5¦64CEB¦Active¦G¦0¦0¦5¦0
$H¦N¦3F9¦R.I¦U¦5DF80840¦81851E¦C8¦0
$H¦N¦3FA¦R.I¦U¦5DF80841¦81AC46¦C8¦0
$C¦U¦3F8¦R.I¦6¦7¦8¦13¦81B326¦65419¦T¦65419¦13¦F65F¦0¦325E¦0¦6¦65419¦Active¦G¦0¦0¦4¦0
$C¦U¦3FB¦R.I¦7¦9¦2¦13¦81C6E1¦6E30A¦T¦6E30A¦13¦10A1A¦0¦13BB¦0¦7¦6E30A¦Active¦G¦0¦0¦2¦0
$F¦U¦3FC¦R.I¦G¦14¦81C950¦14¦0¦0¦0¦0¦10¦0¦203.188
$H¦N¦3FE¦R.I¦U¦5DF80842¦81D362¦C8¦0
$H¦N¦3FF¦R.I¦U¦5DF80843¦81FA74¦C8¦0
$H¦N¦400¦R.I¦U¦5DF80844¦82219E¦C8¦0
$H¦N¦401¦R.I¦U¦5DF80845¦8248BE¦C8¦0
$H¦N¦402¦R.I¦U¦5DF80846¦826FDC¦C8¦0
$H¦N¦403¦R.I¦U¦5DF80847¦829704¦C8¦0
$H¦N¦404¦R.I¦U¦5DF80848¦82BE1D¦C8¦0
$H¦N¦405¦R.I¦U¦5DF80849¦82E536¦C8¦0
$H¦N¦406¦R.I¦U¦5DF8084A¦830C65¦C8¦0
$H¦N¦407¦R.I¦U¦5DF8084B¦83338C¦C8¦0
$H¦N¦408¦R.I¦U¦5DF8084C¦835ABD¦C8¦0
$H¦N¦409¦R.I¦U¦5DF8084D¦8381EA¦C8¦0
$H¦N¦40A¦R.I¦U¦5DF8084E¦83A900¦C8¦0
$H¦N¦40B¦R.I¦U¦5DF8084F¦83D03F¦C8¦0
$H¦N¦40C¦R.I¦U¦5DF80850¦83F783¦C8¦0
$H¦N¦40D¦R.I¦U¦5DF80851¦841E9C¦C8¦0
$H¦N¦40E¦R.I¦U¦5DF80852¦8445DC¦C8¦0
$H¦N¦40F¦R.I¦U¦5DF80853¦846CF7¦C8¦0
$H¦N¦410¦R.I¦U¦5DF80854¦84943C¦C8¦0
$H¦N¦411¦R.I¦U¦5DF80855¦84BB62¦C8¦0
$H¦N¦412¦R.I¦U¦5DF80856¦84E285¦C8¦0
$H¦N¦413¦R.I¦U¦5DF80857¦8509B5¦C8¦0
$H¦N¦414¦R.I¦U¦5DF80858¦8530DA¦C8¦0
$H¦N¦415¦R.I¦U¦5DF80859¦8557FD¦C8¦0
$H¦N¦416¦R.I¦U¦5DF8085A¦857F35¦C8¦0
$H¦N¦417¦R.I¦U¦5DF8085B¦85A647¦C8¦0
$H¦N¦418¦R.I¦U¦5DF8085C¦85CD8C¦C8¦0
$H¦N¦419¦R.I¦U¦5DF8085D¦85F4A1¦C8¦0
$H¦N¦41A¦R.I¦U¦5DF8085E¦861BDE¦C8¦0
$H¦N¦41B¦R.I¦U¦5DF8085F¦864322¦C8¦0
$H¦N¦41C¦R.I¦U¦5DF80860¦866A43¦C8¦0
$H¦N¦41D¦R.I¦U¦5DF80861¦869162¦C8¦0
$H¦N¦41E¦R.I¦U¦5DF80862¦86B89E¦C8¦0
$H¦N¦41F¦R.I¦U¦5DF80863¦86DFE3¦C8¦0
$H¦N¦420¦R.I¦U¦5DF80864¦870728¦C8¦0
$H¦N¦421¦R.I¦U¦5DF80865¦872E42¦C8¦0
$C¦U¦3FD¦R.I¦1¦10¦1¦14¦872C9D¦66FD6¦T¦66FD6¦14¦0¦0¦0¦0¦1¦66FD6¦Active¦G¦0¦0¦1¦15
$H¦N¦423¦R.I¦U¦5DF80866¦875570¦C8¦0
$H¦N¦424¦R.I¦U¦5DF80867¦877CAA¦C8¦0
$H¦N¦425¦R.I¦U¦5DF80868¦87A3BC¦C8¦0
$C¦U¦422¦R.I¦2¦8¦6¦14¦87BEA5¦66A75¦T¦66A75¦14¦9208¦0¦9208¦0¦2¦66A75¦Active¦G¦0¦0¦3¦0
$H¦N¦427¦R.I¦U¦5DF80869¦87CAD1¦C8¦0
$C¦U¦426¦R.I¦3¦1¦10¦14¦87CC7A¦67213¦T¦67213¦14¦9FDC¦0¦DD4¦0¦3¦67213¦Active¦G¦0¦0¦A¦0
$H¦N¦429¦R.I¦U¦5DF8086A¦87F20D¦C8¦0
$C¦U¦428¦R.I¦4¦6¦14¦14¦87F4D1¦67409¦T¦67409¦14¦C833¦0¦2856¦0¦4¦67409¦Active¦G¦0¦0¦5¦0
$C¦U¦42A¦R.I¦5¦4¦11¦14¦87F4E7¦6B964¦T¦6B964¦14¦C84A¦0¦16¦0¦5¦6B964¦Active¦G¦0¦0¦7¦0
$C¦U¦42B¦R.I¦6¦7¦8¦14¦87FB7A¦64853¦T¦64853¦14¦CEDC¦0¦692¦0¦6¦64853¦Active¦G¦0¦0¦4¦0
$C¦U¦42C¦R.I¦7¦9¦2¦14¦880093¦639B1¦T¦639B1¦14¦D3F5¦0¦519¦0¦7¦639B1¦Active¦G¦0¦0¦2¦0
$F¦U¦42D¦R.I¦G¦15¦880394¦15¦0¦0¦0¦0¦10¦0¦203.650
$H¦N¦42F¦R.I¦U¦5DF8086B¦881941¦C8¦0
$H¦N¦430¦R.I¦U¦5DF8086C¦884077¦C8¦0
$H¦N¦431¦R.I¦U¦5DF8086D¦8867B1¦C8¦0
$H¦N¦432¦R.I¦U¦5DF8086E¦888ED8¦C8¦0
$H¦N¦433¦R.I¦U¦5DF8086F¦88B612¦C8¦0
$H¦N¦434¦R.I¦U¦5DF80870¦88DD44¦C8¦0
$H¦N¦435¦R.I¦U¦5DF80871¦890484¦C8¦0
$H¦N¦436¦R.I¦U¦5DF80872¦892B9C¦C8¦0
$H¦N¦437¦R.I¦U¦5DF80873¦8952BD¦C8¦0
$H¦N¦438¦R.I¦U¦5DF80874¦8979DC¦C8¦0
$H¦N¦439¦R.I¦U¦5DF80875¦89A0F3¦C8¦0
$H¦N¦43A¦R.I¦U¦5DF80876¦89C80A¦C8¦0
$H¦N¦43B¦R.I¦U¦5DF80877¦89EF2F¦C8¦0
$H¦N¦43C¦R.I¦U¦5DF80878¦8A1642¦C8¦0
$H¦N¦43D¦R.I¦U¦5DF80879¦8A3D89¦C8¦0
$H¦N¦43E¦R.I¦U¦5DF8087A¦8A64C3¦C8¦0
$H¦N¦43F¦R.I¦U¦5DF8087B¦8A8BD8¦C8¦0
$H¦N¦440¦R.I¦U¦5DF8087C¦8AB31C¦C8¦0
$H¦N¦441¦R.I¦U¦5DF8087D¦8ADA60¦C8¦0
$H¦N¦442¦R.I¦U¦5DF8087E¦8B0183¦C8¦0
$H¦N¦443¦R.I¦U¦5DF8087F¦8B28B5¦C8¦0
$H¦N¦444¦R.I¦U¦5DF80880¦8B4FFB¦C8¦0
$H¦N¦445¦R.I¦U¦5DF80881¦8B7730¦C8¦0
$H¦N¦446¦R.I¦U¦5DF80882¦8B9E5C¦C8¦0
$H¦N¦447¦R.I¦U¦5DF80883¦8BC584¦C8¦0
$H¦N¦448¦R.I¦U¦5DF80884¦8BECBF¦C8¦0
$H¦N¦449¦R.I¦U¦5DF80885¦8C13E8¦C8¦0
$H¦N¦44A¦R.I¦U¦5DF80886¦8C3B2C¦C8¦0
$H¦N¦44B¦R.I¦U¦5DF80887¦8C6272¦C8¦0
$H¦N¦44C¦R.I¦U¦5DF80888¦8C899D¦C8¦0
$H¦N¦44D¦R.I¦U¦5DF80889¦8CB0E3¦C8¦0
$H¦N¦44E¦R.I¦U¦5DF8088A¦8CD7FD¦C8¦0
$H¦N¦44F¦R.I¦U¦5DF8088B¦8CFF43¦C8¦0
$H¦N¦450¦R.I¦U¦5DF8088C¦8D2669¦C8¦0
$H¦N¦451¦R.I¦U¦5DF8088D¦8D4D7E¦C8¦0
$H¦N¦452¦R.I¦U¦5DF8088E¦8D74C4¦C8¦0
$H¦N¦453¦R.I¦U¦5DF8088F¦8D9C07¦C8¦0
$C¦U¦42E¦R.I¦1¦10¦1¦15¦8D9C74¦66FD6¦T¦66FD6¦15¦0¦0¦0¦0¦1¦66FD6¦Active¦G¦0¦0¦1¦16
$H¦N¦455¦R.I¦U¦5DF80890¦8DC321¦C8¦0
$H¦N¦456¦R.I¦U¦5DF80891¦8DEA43¦C8¦0
$H¦N¦457¦R.I¦U¦5DF80892¦8E1170¦C8¦0
$C¦U¦454¦R.I¦2¦1¦10¦15¦8E3159¦664DE¦T¦664DE¦15¦94E4¦0¦94E4¦0¦2¦664DE¦Active¦G¦0¦0¦A¦0
$H¦N¦459¦R.I¦U¦5DF80893¦8E38B5¦C8¦0
$C¦U¦458¦R.I¦3¦8¦6¦15¦8E3EE6¦68040¦T¦68040¦15¦A271¦0¦D8C¦0¦3¦68040¦Active¦G¦0¦0¦3¦0
$C¦U¦45A¦R.I¦4¦6¦14¦15¦8E5565¦66094¦T¦66094¦15¦B8F1¦0¦167F¦0¦4¦66094¦Active¦G¦0¦0¦5¦0
$H¦N¦45C¦R.I¦U¦5DF80894¦8E5FE9¦C8¦0
$C¦U¦45B¦R.I¦5¦7¦8¦15¦8E634D¦667D3¦T¦667D3¦15¦C6D9¦0¦DE7¦0¦5¦667D3¦Active¦G¦0¦0¦4¦0
$C¦U¦45D¦R.I¦6¦9¦2¦15¦8E69B6¦66923¦T¦66923¦15¦CD42¦0¦669¦0¦6¦66923¦Active¦G¦0¦0¦2¦0
$H¦N¦45F¦R.I¦U¦5DF80895¦8E870F¦C8¦0
$H¦N¦460¦R.I¦U¦5DF80896¦8EAE44¦C8¦0
$C¦U¦45E¦R.I¦7¦4¦11¦15¦8EB06D¦6BB85¦T¦6BB85¦15¦113F9¦0¦46B6¦0¦7¦6BB85¦Active¦G¦0¦0¦7¦0
$F¦U¦461¦R.I¦G¦16¦8EB1FC¦16¦0¦0¦0¦0¦10¦0¦204.072
$H¦N¦463¦R.I¦U¦5DF80897¦8ED582¦C8¦0
$H¦N¦464¦R.I¦U¦5DF80898¦8EFCAF¦C8¦0
$H¦N¦465¦R.I¦U¦5DF80899¦8F23F3¦C8¦0
$H¦N¦466¦R.I¦U¦5DF8089A¦8F4B14¦C8¦0
$H¦N¦467¦R.I¦U¦5DF8089B¦8F7234¦C8¦0
$H¦N¦468¦R.I¦U¦5DF8089C¦8F9955¦C8¦0
$H¦N¦469¦R.I¦U¦5DF8089D¦8FC073¦C8¦0
$H¦N¦46A¦R.I¦U¦5DF8089E¦8FE794¦C8¦0
$H¦N¦46B¦R.I¦U¦5DF8089F¦900EB9¦C8¦0
$H¦N¦46C¦R.I¦U¦5DF808A0¦9035F9¦C8¦0
$H¦N¦46D¦R.I¦U¦5DF808A1¦905D39¦C8¦0
$H¦N¦46E¦R.I¦U¦5DF808A2¦90846E¦C8¦0
$H¦N¦46F¦R.I¦U¦5DF808A3¦90ABB3¦C8¦0
$H¦N¦470¦R.I¦U¦5DF808A4¦90D2E2¦C8¦0
$H¦N¦471¦R.I¦U¦5DF808A5¦90FA17¦C8¦0
$H¦N¦472¦R.I¦U¦5DF808A6¦912145¦C8¦0
$H¦N¦473¦R.I¦U¦5DF808A7¦91487D¦C8¦0
$H¦N¦474¦R.I¦U¦5DF808A8¦916FAE¦C8¦0
$H¦N¦475¦R.I¦U¦5DF808A9¦9196F3¦C8¦0
$H¦N¦476¦R.I¦U¦5DF808AA¦91BE39¦C8¦0
$H¦N¦477¦R.I¦U¦5DF808AB¦91E572¦C8¦0
$H¦N¦478¦R.I¦U¦5DF808AC¦920CB8¦C8¦0
$H¦N¦479¦R.I¦U¦5DF808AD¦9233FD¦C8¦0
$H¦N¦47A¦R.I¦U¦5DF808AE¦925B43¦C8¦0
$H¦N¦47B¦R.I¦U¦5DF808AF¦928288¦C8¦0
$H¦N¦47C¦R.I¦U¦5DF808B0¦92A9CA¦C8¦0
$H¦N¦47D¦R.I¦U¦5DF808B1¦92D10C¦C8¦0
$H¦N¦47E¦R.I¦U¦5DF808B2¦92F83F¦C8¦0
$H¦N¦47F¦R.I¦U¦5DF808B3¦931F6A¦C8¦0
$H¦N¦480¦R.I¦U¦5DF808B4¦93467F¦C8¦0
$H¦N¦481¦R.I¦U¦5DF808B5¦936DA7¦C8¦0
$H¦N¦482¦R.I¦U¦5DF808B6¦9394DC¦C8¦0
$H¦N¦483¦R.I¦U¦5DF808B7¦93BC1D¦C8¦0
$H¦N¦484¦R.I¦U¦5DF808B8¦93E33D¦C8¦0
$H¦N¦485¦R.I¦U¦5DF808B9¦940A73¦C8¦0
$C¦U¦462¦R.I¦1¦10¦1¦16¦940C4B¦66FD6¦T¦66FD6¦16¦0¦0¦0¦0¦1¦66FD6¦Active¦G¦0¦0¦1¦17
$H¦N¦487¦R.I¦U¦5DF808BA¦94319A¦C8¦0
$H¦N¦488¦R.I¦U¦5DF808BB¦9458C7¦C8¦0
$H¦N¦489¦R.I¦U¦5DF808BC¦947FF3¦C8¦0
$C¦U¦486¦R.I¦2¦8¦6¦16¦94A3C4¦664DE¦T¦664DE¦16¦9779¦0¦9779¦0¦2¦664DE¦Active¦G¦0¦0¦3¦0
$H¦N¦48B¦R.I¦U¦5DF808BD¦94A735¦C8¦0
$C¦U¦48A¦R.I¦3¦1¦10¦16¦94A881¦67728¦T¦67728¦16¦9C36¦0¦4BC¦0¦3¦67728¦Active¦G¦0¦0¦A¦0
$C¦U¦48C¦R.I¦4¦6¦14¦16¦94ACB3¦6574D¦T¦6574D¦16¦A068¦0¦431¦0¦4¦6574D¦Active¦G¦0¦0¦5¦0
$C¦U¦48D¦R.I¦5¦7¦8¦16¦94C7E2¦66495¦T¦66495¦16¦BB97¦0¦1B2F¦0¦5¦66495¦Active¦G¦0¦0¦4¦0
$H¦N¦48F¦R.I¦U¦5DF808BE¦94CE6C¦C8¦0
$C¦U¦48E¦R.I¦6¦9¦2¦16¦94DD4C¦67395¦T¦67395¦16¦D101¦0¦1569¦0¦6¦67395¦Active¦G¦0¦0¦2¦0
$H¦N¦491¦R.I¦U¦5DF808BF¦94F5AB¦C8¦0
$C¦U¦490¦R.I¦7¦4¦11¦16¦950214¦651A6¦T¦651A6¦16¦F5C9¦0¦24C7¦0¦7¦651A6¦Active¦G¦0¦0¦7¦0
$F¦U¦492¦R.I¦G¦17¦95030B¦17¦0¦0¦0¦0¦10¦0¦204.458
$H¦N¦494¦R.I¦U¦5DF808C0¦951CE0¦C8¦0
$H¦N¦495¦R.I¦U¦5DF808C1¦954408¦C8¦0
$H¦N¦496¦R.I¦U¦5DF808C2¦956B32¦C8¦0
$H¦N¦497¦R.I¦U¦5DF808C3¦95925C¦C8¦0
$H¦N¦498¦R.I¦U¦5DF808C4¦95B99B¦C8¦0
$H¦N¦499¦R.I¦U¦5DF808C5¦95E0E1¦C8¦0
$H¦N¦49A¦R.I¦U¦5DF808C6¦960805¦C8¦0
$H¦N¦49B¦R.I¦U¦5DF808C7¦962F29¦C8¦0
$H¦N¦49C¦R.I¦U¦5DF808C8¦965651¦C8¦0
$H¦N¦49D¦R.I¦U¦5DF808C9¦967D8F¦C8¦0
$H¦N¦49E¦R.I¦U¦5DF808CA¦96A4D4¦C8¦0
$H¦N¦49F¦R.I¦U¦5DF808CB¦96CC1A¦C8¦0
$H¦N¦4A0¦R.I¦U¦5DF808CD¦96F35F¦C8¦0
$H¦N¦4A1¦R.I¦U¦5DF808CE¦971A7F¦C8¦0
$H¦N¦4A2¦R.I¦U¦5DF808CF¦9741AD¦C8¦0
$H¦N¦4A3¦R.I¦U¦5DF808D0¦9768E0¦C8¦0
$H¦N¦4A4¦R.I¦U¦5DF808D1¦97900C¦C8¦0
$H¦N¦4A5¦R.I¦U¦5DF808D2¦97B73E¦C8¦0
$H¦N¦4A6¦R.I¦U¦5DF808D3¦97DE7C¦C8¦0
$H¦N¦4A7¦R.I¦U¦5DF808D4¦98059B¦C8¦0
$H¦N¦4A8¦R.I¦U¦5DF808D5¦982CCD¦C8¦0
$H¦N¦4A9¦R.I¦U¦5DF808D6¦9853F5¦C8¦0
$H¦N¦4AA¦R.I¦U¦5DF808D7¦987B09¦C8¦0
$H¦N¦4AB¦R.I¦U¦5DF808D8¦98A23F¦C8¦0
$H¦N¦4AC¦R.I¦U¦5DF808D9¦98C983¦C8¦0
$H¦N¦4AD¦R.I¦U¦5DF808DA¦98F098¦C8¦0
$H¦N¦4AE¦R.I¦U¦5DF808DB¦9917C3¦C8¦0
$H¦N¦4AF¦R.I¦U¦5DF808DC¦993EF8¦C8¦0
$H¦N¦4B0¦R.I¦U¦5DF808DD¦996621¦C8¦0
$H¦N¦4B1¦R.I¦U¦5DF808DE¦998D5D¦C8¦0
$H¦N¦4B2¦R.I¦U¦5DF808DF¦99B478¦C8¦0
$H¦N¦4B3¦R.I¦U¦5DF808E0¦99DBA1¦C8¦0
$H¦N¦4B4¦R.I¦U¦5DF808E1¦9A02DA¦C8¦0
$H¦N¦4B5¦R.I¦U¦5DF808E2¦9A29ED¦C8¦0
$H¦N¦4B6¦R.I¦U¦5DF808E3¦9A512F¦C8¦0
$H¦N¦4B7¦R.I¦U¦5DF808E4¦9A7867¦C8¦0
$C¦U¦493¦R.I¦1¦10¦1¦17¦9A7C21¦66FD6¦T¦66FD6¦17¦0¦0¦0¦0¦1¦66FD6¦Active¦G¦0¦0¦1¦18
$H¦N¦4B9¦R.I¦U¦5DF808E5¦9A9F95¦C8¦0
$H¦N¦4BA¦R.I¦U¦5DF808E6¦9AC6DB¦C8¦0
$H¦N¦4BB¦R.I¦U¦5DF808E7¦9AEE21¦C8¦0
$H¦N¦4BC¦R.I¦U¦5DF808E8¦9B1566¦C8¦0
$C¦U¦4B8¦R.I¦2¦9¦2¦17¦9B1928¦63BDB¦T¦63BDB¦17¦9D06¦0¦9D06¦0¦2¦63BDB¦Active¦G¦0¦0¦2¦0
$C¦U¦4BD¦R.I¦3¦8¦6¦17¦9B1A65¦676A0¦T¦676A0¦17¦9E43¦0¦13D¦0¦3¦676A0¦Active¦G¦0¦0¦3¦0
$C¦U¦4BE¦R.I¦4¦7¦8¦17¦9B37AB¦66FC8¦T¦66FC8¦17¦BB89¦0¦1D45¦0¦4¦66FC8¦Active¦G¦0¦0¦4¦0
$H¦N¦4C0¦R.I¦U¦5DF808E9¦9B3C9D¦C8¦0
$C¦U¦4BF¦R.I¦5¦4¦11¦17¦9B5818¦65604¦T¦65604¦17¦DBF6¦0¦206D¦0¦5¦65604¦Active¦G¦0¦0¦7¦0
$C¦U¦4C1¦R.I¦6¦1¦10¦17¦9B5F20¦6B69E¦T¦6B69E¦17¦E2FE¦0¦707¦0¦6¦6B69E¦Active¦G¦0¦0¦A¦0
$H¦N¦4C3¦R.I¦U¦5DF808EA¦9B63E0¦C8¦0
$C¦U¦4C2¦R.I¦7¦6¦14¦17¦9B70C1¦6C40D¦T¦6C40D¦17¦F49F¦0¦11A0¦0¦7¦6C40D¦Active¦G¦0¦0¦5¦0
$F¦U¦4C4¦R.I¦G¦18¦9B729D¦18¦0¦0¦0¦0¦10¦0¦204.814
$H¦N¦4C6¦R.I¦U¦5DF808EB¦9B8B26¦C8¦0
$H¦N¦4C7¦R.I¦U¦5DF808EC¦9BB26A¦C8¦0
$H¦N¦4C8¦R.I¦U¦5DF808ED¦9BD98E¦C8¦0
$H¦N¦4C9¦R.I¦U¦5DF808EE¦9C00CA¦C8¦0
$H¦N¦4CA¦R.I¦U¦5DF808EF¦9C27F3¦C8¦0
$H¦N¦4CB¦R.I¦U¦5DF808F0¦9C4F0F¦C8¦0
$H¦N¦4CC¦R.I¦U¦5DF808F1¦9C762B¦C8¦0
$H¦N¦4CD¦R.I¦U¦5DF808F2¦9C9D48¦C8¦0
$H¦N¦4CE¦R.I¦U¦5DF808F3¦9CC460¦C8¦0
$H¦N¦4CF¦R.I¦U¦5DF808F4¦9CEB9D¦C8¦0
$H¦N¦4D0¦R.I¦U¦5DF808F5¦9D12CD¦C8¦0
$H¦N¦4D1¦R.I¦U¦5DF808F6¦9D39FB¦C8¦0
$H¦N¦4D2¦R.I¦U¦5DF808F7¦9D6132¦C8¦0
$H¦N¦4D3¦R.I¦U¦5DF808F8¦9D8853¦C8¦0
$H¦N¦4D4¦R.I¦U¦5DF808F9¦9DAF78¦C8¦0
$H¦N¦4D5¦R.I¦U¦5DF808FA¦9DD694¦C8¦0
$H¦N¦4D6¦R.I¦U¦5DF808FB¦9DFDC9¦C8¦0
$H¦N¦4D7¦R.I¦U¦5DF808FC¦9E24DF¦C8¦0
$H¦N¦4D8¦R.I¦U¦5DF808FD¦9E4C10¦C8¦0
$H¦N¦4D9¦R.I¦U¦5DF808FE¦9E734B¦C8¦0
$H¦N¦4DA¦R.I¦U¦5DF808FF¦9E9A8A¦C8¦0
$H¦N¦4DB¦R.I¦U¦5DF80900¦9EC1CB¦C8¦0
$H¦N¦4DC¦R.I¦U¦5DF80901¦9EE8F4¦C8¦0
$H¦N¦4DD¦R.I¦U¦5DF80902¦9F1008¦C8¦0
$H¦N¦4DE¦R.I¦U¦5DF80903¦9F3740¦C8¦0
$H¦N¦4DF¦R.I¦U¦5DF80904¦9F5E53¦C8¦0
$H¦N¦4E0¦R.I¦U¦5DF80905¦9F8577¦C8¦0
$H¦N¦4E1¦R.I¦U¦5DF80906¦9FACBC¦C8¦0
$H¦N¦4E2¦R.I¦U¦5DF80907¦9FD3F2¦C8¦0
$H¦N¦4E3¦R.I¦U¦5DF80908¦9FFB32¦C8¦0
$H¦N¦4E4¦R.I¦U¦5DF80909¦A02271¦C8¦0
$H¦N¦4E5¦R.I¦U¦5DF8090A¦A04998¦C8¦0
$H¦N¦4E6¦R.I¦U¦5DF8090B¦A070DE¦C8¦0
$H¦N¦4E7¦R.I¦U¦5DF8090C¦A09818¦C8¦0
$H¦N¦4E8¦R.I¦U¦5DF8090D¦A0BF5D¦C8¦0
$H¦N¦4E9¦R.I¦U¦5DF8090E¦A0E68B¦C8¦0
$C¦U¦4C5¦R.I¦1¦10¦1¦18¦A0EBF8¦66FD6¦T¦66FD6¦18¦0¦0¦0¦0¦1¦66FD6¦Active¦G¦0¦0¦1¦19
$H¦N¦4EB¦R.I¦U¦5DF8090F¦A10DBB¦C8¦0
$H¦N¦4EC¦R.I¦U¦5DF80910¦A134F2¦C8¦0
$H¦N¦4ED¦R.I¦U¦5DF80911¦A15C12¦C8¦0
$C¦U¦4EA¦R.I¦2¦9¦2¦18¦A17DAE¦66485¦T¦66485¦18¦91B5¦0¦91B5¦0¦2¦66485¦Active¦G¦0¦0¦2¦0
$H¦N¦4EF¦R.I¦U¦5DF80912¦A18338¦C8¦0
$C¦U¦4EE¦R.I¦3¦7¦8¦18¦A193FB¦65C50¦T¦65C50¦18¦A803¦0¦164D¦0¦3¦65C50¦Active¦G¦0¦0¦4¦0
$H¦N¦4F1¦R.I¦U¦5DF80913¦A1AA69¦C8¦0
$C¦U¦4F0¦R.I¦4¦6¦14¦18¦A1AA55¦63994¦T¦63994¦18¦BE5D¦0¦165A¦0¦4¦63994¦Active¦G¦0¦0¦5¦0
$C¦U¦4F2¦R.I¦5¦4¦11¦18¦A1B453¦65C3A¦T¦65C3A¦18¦C85A¦0¦9FD¦0¦5¦65C3A¦Active¦G¦0¦0¦7¦0
$C¦U¦4F3¦R.I¦6¦1¦10¦18¦A1B882¦65962¦T¦65962¦18¦CC89¦0¦42F¦0¦6¦65962¦Active¦G¦0¦0¦A¦0
$H¦N¦4F5¦R.I¦U¦5DF80914¦A1D19F¦C8¦0
$H¦N¦4F6¦R.I¦U¦5DF80915¦A1F8BE¦C8¦0
$H¦N¦4F7¦R.I¦U¦5DF80916¦A22003¦C8¦0
$C¦U¦4F4¦R.I¦7¦8¦6¦18¦A23895¦71E2F¦T¦71E2F¦18¦14C9C¦0¦8012¦0¦7¦71E2F¦Active¦G¦0¦0¦3¦0
$F¦U¦4F8¦R.I¦G¦19¦A238FD¦19¦0¦0¦0¦0¦10¦0¦205.142
$H¦N¦4FA¦R.I¦U¦5DF80917¦A2471B¦C8¦0
$H¦N¦4FB¦R.I¦U¦5DF80918¦A26E48¦C8¦0
$H¦N¦4FC¦R.I¦U¦5DF80919¦A29578¦C8¦0
$H¦N¦4FD¦R.I¦U¦5DF8091A¦A2BCAC¦C8¦0
$H¦N¦4FE¦R.I¦U¦5DF8091B¦A2E3C2¦C8¦0
$H¦N¦4FF¦R.I¦U¦5DF8091C¦A30ADB¦C8¦0
$H¦N¦500¦R.I¦U¦5DF8091D¦A3320D¦C8¦0
$H¦N¦501¦R.I¦U¦5DF8091E¦A35936¦C8¦0
$H¦N¦502¦R.I¦U¦5DF8091F¦A38072¦C8¦0
$H¦N¦503¦R.I¦U¦5DF80920¦A3A7B1¦C8¦0
$H¦N¦504¦R.I¦U¦5DF80921¦A3CECF¦C8¦0
$H¦N¦505¦R.I¦U¦5DF80922¦A3F5F7¦C8¦0
$H¦N¦506¦R.I¦U¦5DF80923¦A41D16¦C8¦0
$H¦N¦507¦R.I¦U¦5DF80924¦A44453¦C8¦0
$H¦N¦508¦R.I¦U¦5DF80925¦A46B91¦C8¦0
$H¦N¦509¦R.I¦U¦5DF80926¦A492BE¦C8¦0
$H¦N¦50A¦R.I¦U¦5DF80927¦A4B9FB¦C8¦0
$H¦N¦50B¦R.I¦U¦5DF80928¦A4E123¦C8¦0
$H¦N¦50C¦R.I¦U¦5DF80929¦A5085A¦C8¦0
$H¦N¦50D¦R.I¦U¦5DF8092A¦A52F6E¦C8¦0
$H¦N¦50E¦R.I¦U¦5DF8092B¦A55694¦C8¦0
$H¦N¦50F¦R.I¦U¦5DF8092C¦A57DB8¦C8¦0
$H¦N¦510¦R.I¦U¦5DF8092D¦A5A4FD¦C8¦0
$H¦N¦511¦R.I¦U¦5DF8092E¦A5CC2E¦C8¦0
$H¦N¦512¦R.I¦U¦5DF8092F¦A5F372¦C8¦0
$H¦N¦513¦R.I¦U¦5DF80930¦A61AA7¦C8¦0
$H¦N¦514¦R.I¦U¦5DF80931¦A641E7¦C8¦0
$H¦N¦515¦R.I¦U¦5DF80932¦A66913¦C8¦0
$H¦N¦516¦R.I¦U¦5DF80933¦A6902A¦C8¦0
$H¦N¦517¦R.I¦U¦5DF80934¦A6B74D¦C8¦0
$H¦N¦518¦R.I¦U¦5DF80935¦A6DE92¦C8¦0
$H¦N¦519¦R.I¦U¦5DF80936¦A705D7¦C8¦0
$H¦N¦51A¦R.I¦U¦5DF80937¦A72D00¦C8¦0
$H¦N¦51B¦R.I¦U¦5DF80938¦A7541F¦C8¦0
$C¦U¦4F9¦R.I¦1¦10¦1¦19¦A75BCF¦66FD6¦T¦66FD6¦19¦0¦0¦0¦0¦1¦66FD6¦Active¦G¦0¦0¦1¦1A
$H¦N¦51D¦R.I¦U¦5DF80939¦A77B44¦C8¦0
$H¦N¦51E¦R.I¦U¦5DF8093A¦A7A27D¦C8¦0
$H¦N¦51F¦R.I¦U¦5DF8093B¦A7C9B1¦C8¦0
$H¦N¦520¦R.I¦U¦5DF8093C¦A7F0E8¦C8¦0
$C¦U¦51C¦R.I¦2¦7¦8¦19¦A7EEE5¦65AE9¦T¦65AE9¦19¦9316¦0¦9316¦0¦2¦65AE9¦Active¦G¦0¦0¦4¦0
$C¦U¦521¦R.I¦3¦9¦2¦19¦A7FDEE¦68040¦T¦68040¦19¦A21F¦0¦F08¦0¦3¦68040¦Active¦G¦0¦0¦2¦0
$C¦U¦522¦R.I¦4¦6¦14¦19¦A804C9¦65A73¦T¦65A73¦19¦A8FA¦0¦6DB¦0¦4¦65A73¦Active¦G¦0¦0¦5¦0
$H¦N¦524¦R.I¦U¦5DF8093D¦A81821¦C8¦0
$C¦U¦523¦R.I¦5¦4¦11¦19¦A818E8¦66495¦T¦66495¦19¦BD19¦0¦141E¦0¦5¦66495¦Active¦G¦0¦0¦7¦0
$H¦N¦526¦R.I¦U¦5DF8093E¦A83F62¦C8¦0
$H¦N¦527¦R.I¦U¦5DF8093F¦A866A8¦C8¦0
$C¦U¦525¦R.I¦6¦1¦10¦19¦A86515¦6AC93¦T¦6AC93¦19¦10946¦0¦4C2D¦0¦6¦6AC93¦Active¦G¦0¦0¦A¦0
$H¦N¦529¦R.I¦U¦5DF80940¦A88DDB¦C8¦0
$C¦U¦528¦R.I¦7¦8¦6¦19¦A8914A¦658B5¦T¦658B5¦19¦1357B¦0¦2C35¦0¦7¦658B5¦Active¦G¦0¦0¦3¦0
$F¦U¦52A¦R.I¦G¦1A¦A89349¦1A¦0¦0¦0¦0¦10¦0¦205.446
$H¦N¦52C¦R.I¦U¦5DF80941¦A8B50B¦C8¦0
$H¦N¦52D¦R.I¦U¦5DF80942¦A8DC2D¦C8¦0
$H¦N¦52E¦R.I¦U¦5DF80943¦A90349¦C8¦0
$H¦N¦52F¦R.I¦U¦5DF80944¦A92A80¦C8¦0
$H¦N¦530¦R.I¦U¦5DF80945¦A951C5¦C8¦0
$H¦N¦531¦R.I¦U¦5DF80946¦A978FA¦C8¦0
$H¦N¦532¦R.I¦U¦5DF80947¦A9A011¦C8¦0
$H¦N¦533¦R.I¦U¦5DF80948¦A9C73A¦C8¦0
$H¦N¦534¦R.I¦U¦5DF80949¦A9EE7F¦C8¦0
$H¦N¦535¦R.I¦U¦5DF8094A¦AA15C5¦C8¦0
$H¦N¦536¦R.I¦U¦5DF8094B¦AA3CF0¦C8¦0
$H¦N¦537¦R.I¦U¦5DF8094C¦AA6421¦C8¦0
$H¦N¦538¦R.I¦U¦5DF8094D¦AA8B36¦C8¦0
$H¦N¦539¦R.I¦U¦5DF8094E¦AAB253¦C8¦0
$H¦N¦53A¦R.I¦U¦5DF8094F¦AAD998¦C8¦0
$H¦N¦53B¦R.I¦U¦5DF80950¦AB00D6¦C8¦0
$H¦N¦53C¦R.I¦U¦5DF80951¦AB27EA¦C8¦0
$H¦N¦53D¦R.I¦U¦5DF80952¦AB4F05¦C8¦0
$H¦N¦53E¦R.I¦U¦5DF80953¦AB7639¦C8¦0
$H¦N¦53F¦R.I¦U¦5DF80954¦AB9D4E¦C8¦0
$H¦N¦540¦R.I¦U¦5DF80955¦ABC461¦C8¦0
$H¦N¦541¦R.I¦U¦5DF80956¦ABEB74¦C8¦0
$H¦N¦542¦R.I¦U¦5DF80957¦AC12B0¦C8¦0
$H¦N¦543¦R.I¦U¦5DF80958¦AC39F6¦C8¦0
$H¦N¦544¦R.I¦U¦5DF80959¦AC612F¦C8¦0
$H¦N¦545¦R.I¦U¦5DF8095A¦AC885E¦C8¦0
$H¦N¦546¦R.I¦U¦5DF8095B¦ACAF97¦C8¦0
$H¦N¦547¦R.I¦U¦5DF8095C¦ACD6DB¦C8¦0
$H¦N¦548¦R.I¦U¦5DF8095D¦ACFDF2¦C8¦0
$H¦N¦549¦R.I¦U¦5DF8095E¦AD2520¦C8¦0
$H¦N¦54A¦R.I¦U¦5DF8095F¦AD4C52¦C8¦0
$H¦N¦54B¦R.I¦U¦5DF80960¦AD738C¦C8¦0
$H¦N¦54C¦R.I¦U¦5DF80961¦AD9AA3¦C8¦0
$H¦N¦54D¦R.I¦U¦5DF80962¦ADC1E9¦C8¦0
$C¦U¦52B¦R.I¦1¦10¦1¦1A¦ADCBA6¦66FD6¦T¦66FD6¦1A¦0¦0¦0¦0¦1¦66FD6¦Active¦G¦0¦0¦1¦1B
$H¦N¦54F¦R.I¦U¦5DF80963¦ADE8FE¦C8¦0
$H¦N¦550¦R.I¦U¦5DF80964¦AE1017¦C8¦0
$H¦N¦551¦R.I¦U¦5DF80965¦AE3736¦C8¦0
$H¦N¦552¦R.I¦U¦5DF80966¦AE5E4C¦C8¦0
$C¦U¦54E¦R.I¦2¦9¦2¦1A¦AE62CD¦664DE¦T¦664DE¦1A¦9727¦0¦9727¦0¦2¦664DE¦Active¦G¦0¦0¦2¦0
$C¦U¦553¦R.I¦3¦7¦8¦1A¦AE6F25¦68040¦T¦68040¦1A¦A37F¦0¦C58¦0¦3¦68040¦Active¦G¦0¦0¦4¦0
$C¦U¦554¦R.I¦4¦6¦14¦1A¦AE70E4¦66C1B¦T¦66C1B¦1A¦A53E¦0¦1BF¦0¦4¦66C1B¦Active¦G¦0¦0¦5¦0
$C¦U¦555¦R.I¦5¦4¦11¦1A¦AE7FCB¦666E2¦T¦666E2¦1A¦B425¦0¦EE6¦0¦5¦666E2¦Active¦G¦0¦0¦7¦0
$H¦N¦557¦R.I¦U¦5DF80967¦AE8572¦C8¦0
$H¦N¦558¦R.I¦U¦5DF80968¦AEACAD¦C8¦0
$C¦U¦556¦R.I¦6¦1¦10¦1A¦AEAFD0¦64ABB¦T¦64ABB¦1A¦E42A¦0¦3005¦0¦6¦64ABB¦Active¦G¦0¦0¦A¦0
$H¦N¦55A¦R.I¦U¦5DF80969¦AED3E3¦C8¦0
$C¦U¦559¦R.I¦7¦8¦6¦1A¦AEEB95¦65A4A¦T¦65A4A¦1A¦11FEF¦0¦3BC4¦0¦7¦65A4A¦Active¦G¦0¦0¦3¦0
$F¦U¦55B¦R.I¦G¦1B¦AEEDF7¦1B¦0¦0¦0¦0¦10¦0¦205.728
$H¦N¦55D¦R.I¦U¦5DF8096A¦AEFB0D¦C8¦0
$H¦N¦55E¦R.I¦U¦5DF8096B¦AF2233¦C8¦0
$H¦N¦55F¦R.I¦U¦5DF8096C¦AF496A¦C8¦0
$H¦N¦560¦R.I¦U¦5DF8096D¦AF70AF¦C8¦0
$H¦N¦561¦R.I¦U¦5DF8096E¦AF97C5¦C8¦0
$H¦N¦562¦R.I¦U¦5DF8096F¦AFBEFC¦C8¦0
$H¦N¦563¦R.I¦U¦5DF80970¦AFE62F¦C8¦0
$H¦N¦564¦R.I¦U¦5DF80971¦B00D5C¦C8¦0
$H¦N¦565¦R.I¦U¦5DF80972¦B03498¦C8¦0
$H¦N¦566¦R.I¦U¦5DF80973¦B05BCE¦C8¦0
$H¦N¦567¦R.I¦U¦5DF80974¦B082FA¦C8¦0
$H¦N¦568¦R.I¦U¦5DF80975¦B0AA23¦C8¦0
$H¦N¦569¦R.I¦U¦5DF80976¦B0D156¦C8¦0
$H¦N¦56A¦R.I¦U¦5DF80977¦B0F885¦C8¦0
$H¦N¦56B¦R.I¦U¦5DF80978¦B11FC3¦C8¦0
$H¦N¦56C¦R.I¦U¦5DF80979¦B146F3¦C8¦0
$H¦N¦56D¦R.I¦U¦5DF8097A¦B16E0E¦C8¦0
$H¦N¦56E¦R.I¦U¦5DF8097B¦B19534¦C8¦0
$H¦N¦56F¦R.I¦U¦5DF8097C¦B1BC5B¦C8¦0
$H¦N¦570¦R.I¦U¦5DF8097D¦B1E38D¦C8¦0
$H¦N¦571¦R.I¦U¦5DF8097E¦B20AC6¦C8¦0
$H¦N¦572¦R.I¦U¦5DF8097F¦B231DA¦C8¦0
$H¦N¦573¦R.I¦U¦5DF80980¦B25902¦C8¦0
$H¦N¦574¦R.I¦U¦5DF80981¦B28022¦C8¦0
$H¦N¦575¦R.I¦U¦5DF80982¦B2A736¦C8¦0
$H¦N¦576¦R.I¦U¦5DF80983¦B2CE5B¦C8¦0
$H¦N¦577¦R.I¦U¦5DF80984¦B2F59A¦C7¦0
$H¦N¦578¦R.I¦U¦5DF80985¦B31CC1¦C7¦0
$H¦N¦579¦R.I¦U¦5DF80986¦B343FC¦C7¦0
$H¦N¦57A¦R.I¦U¦5DF80987¦B36B1A¦C7¦0
$H¦N¦57B¦R.I¦U¦5DF80988¦B39231¦C7¦0
$H¦N¦57C¦R.I¦U¦5DF80989¦B3B954¦C7¦0
$H¦N¦57D¦R.I¦U¦5DF8098A¦B3E084¦C7¦0
$H¦N¦57E¦R.I¦U¦5DF8098B¦B407A1¦C7¦0
$H¦N¦57F¦R.I¦U¦5DF8098C¦B42EB7¦C7¦0
$C¦U¦55C¦R.I¦1¦10¦1¦1B¦B43B7C¦66FD6¦T¦66FD6¦1B¦0¦0¦0¦0¦1¦66FD6¦Active¦G¦0¦0¦1¦1C
$H¦N¦581¦R.I¦U¦5DF8098D¦B455F4¦C7¦0
$H¦N¦582¦R.I¦U¦5DF8098E¦B47D29¦C7¦0
$H¦N¦583¦R.I¦U¦5DF8098F¦B4A451¦C7¦0
$C¦U¦580¦R.I¦2¦7¦8¦1B¦B4C37A¦65455¦T¦65455¦1B¦87FD¦0¦87FD¦0¦2¦65455¦Active¦G¦0¦0¦4¦0
$H¦N¦585¦R.I¦U¦5DF80990¦B4CB6C¦C7¦0
$C¦U¦584¦R.I¦3¦9¦2¦1B¦B4D96D¦676A0¦T¦676A0¦1B¦9DF1¦0¦15F3¦0¦3¦676A0¦Active¦G¦0¦0¦2¦0
$C¦U¦586¦R.I¦4¦4¦11¦1B¦B4E148¦6617C¦T¦6617C¦1B¦A5CB¦0¦7DA¦0¦4¦6617C¦Active¦G¦0¦0¦7¦0
$H¦N¦588¦R.I¦U¦5DF80991¦B4F287¦C7¦0
$C¦U¦587¦R.I¦5¦1¦10¦1B¦B4FABA¦64AE9¦T¦64AE9¦1B¦BF3D¦0¦1972¦0¦5¦64AE9¦Active¦G¦0¦0¦A¦0
$H¦N¦58A¦R.I¦U¦5DF80992¦B519C4¦C7¦0
$H¦N¦58B¦R.I¦U¦5DF80993¦B540EB¦C7¦0
$C¦U¦589¦R.I¦6¦8¦6¦1B¦B54480¦658EA¦T¦658EA¦1B¦10903¦0¦49C5¦0¦6¦658EA¦Active¦G¦0¦0¦3¦0
$C¦U¦58C¦R.I¦7¦6¦14¦1B¦B561C6¦6F0E1¦T¦6F0E1¦1B¦12649¦0¦1D46¦0¦7¦6F0E1¦Active¦G¦0¦0¦5¦0
$F¦U¦58D¦R.I¦G¦1C¦B563D8¦1C¦0¦0¦0¦0¦10¦0¦205.991
$H¦N¦58F¦R.I¦U¦5DF80994¦B56812¦C7¦0
$H¦N¦590¦R.I¦U¦5DF80995¦B58F47¦C7¦0
$H¦N¦591¦R.I¦U¦5DF80996¦B5B66E¦C7¦0
$H¦N¦592¦R.I¦U¦5DF80997¦B5DDAE¦C7¦0
$H¦N¦593¦R.I¦U¦5DF80998¦B604DF¦C7¦0
$H¦N¦594¦R.I¦U¦5DF80999¦B62BFB¦C7¦0
$H¦N¦595¦R.I¦U¦5DF8099A¦B65335¦C7¦0
$H¦N¦596¦R.I¦U¦5DF8099B¦B67A5A¦C7¦0
$H¦N¦597¦R.I¦U¦5DF8099C¦B6A19D¦C7¦0
$H¦N¦598¦R.I¦U¦5DF8099D¦B6C8BB¦C7¦0
$H¦N¦599¦R.I¦U¦5DF8099E¦B6EFFE¦C7¦0
$H¦N¦59A¦R.I¦U¦5DF8099F¦B71733¦C7¦0
$H¦N¦59B¦R.I¦U¦5DF809A0¦B73E53¦C7¦0
$H¦N¦59C¦R.I¦U¦5DF809A1¦B76568¦C7¦0
$H¦N¦59D¦R.I¦U¦5DF809A2¦B78C86¦C7¦0
$H¦N¦59E¦R.I¦U¦5DF809A3¦B7B3BF¦C7¦0
$H¦N¦59F¦R.I¦U¦5DF809A4¦B7DAE2¦C7¦0
$H¦N¦5A0¦R.I¦U¦5DF809A5¦B80216¦C7¦0
$H¦N¦5A1¦R.I¦U¦5DF809A6¦B82949¦C7¦0
$H¦N¦5A2¦R.I¦U¦5DF809A7¦B8507C¦C7¦0
$H¦N¦5A3¦R.I¦U¦5DF809A8¦B877C3¦C7¦0
$H¦N¦5A4¦R.I¦U¦5DF809A9¦B89EE0¦C7¦0
$H¦N¦5A5¦R.I¦U¦5DF809AA¦B8C5FC¦C7¦0
$H¦N¦5A6¦R.I¦U¦5DF809AB¦B8ED11¦C7¦0
$H¦N¦5A7¦R.I¦U¦5DF809AC¦B91445¦C7¦0
$H¦N¦5A8¦R.I¦U¦5DF809AD¦B93B77¦C7¦0
$H¦N¦5A9¦R.I¦U¦5DF809AE¦B9628B¦C7¦0
$H¦N¦5AA¦R.I¦U¦5DF809AF¦B989CD¦C7¦0
$H¦N¦5AB¦R.I¦U¦5DF809B0¦B9B13B¦C7¦0
$H¦N¦5AC¦R.I¦U¦5DF809B1¦B9D877¦C7¦0
$H¦N¦5AD¦R.I¦U¦5DF809B2¦B9FFD6¦C7¦0
$H¦N¦5AE¦R.I¦U¦5DF809B3¦BA26FE¦C7¦0
$H¦N¦5AF¦R.I¦U¦5DF809B4¦BA4E4B¦C7¦0
$H¦N¦5B0¦R.I¦U¦5DF809B5¦BA75B6¦C7¦0
$H¦N¦5B1¦R.I¦U¦5DF809B6¦BA9D2C¦C7¦0
$C¦U¦58E¦R.I¦1¦10¦1¦1C¦BAAB53¦66FD6¦T¦66FD6¦1C¦0¦0¦0¦0¦1¦66FD6¦Active¦G¦0¦0¦1¦1D
$H¦N¦5B3¦R.I¦U¦5DF809B7¦BAC49A¦C7¦0
$H¦N¦5B4¦R.I¦U¦5DF809B8¦BAEBCC¦C7¦0
$H¦N¦5B5¦R.I¦U¦5DF809B9¦BB12E3¦C7¦0
$C¦U¦5B2¦R.I¦2¦4¦11¦1C¦BB35ED¦654A5¦T¦654A5¦1C¦8A99¦0¦8A99¦0¦2¦654A5¦Active¦G¦0¦0¦7¦0
$H¦N¦5B7¦R.I¦U¦5DF809BA¦BB39FD¦C7¦0
$C¦U¦5B6¦R.I¦3¦9¦2¦1C¦BB40EE¦66780¦T¦66780¦1C¦959B¦0¦B01¦0¦3¦66780¦Active¦G¦0¦0¦2¦0
$C¦U¦5B8¦R.I¦4¦7¦8¦1C¦BB4FB8¦68C3D¦T¦68C3D¦1C¦A464¦0¦EC9¦0¦4¦68C3D¦Active¦G¦0¦0¦4¦0
$H¦N¦5BA¦R.I¦U¦5DF809BB¦BB616E¦C7¦0
$C¦U¦5B9¦R.I¦5¦1¦10¦1C¦BB6105¦6664A¦T¦6664A¦1C¦B5B1¦0¦114D¦0¦5¦6664A¦Active¦G¦0¦0¦A¦0
$H¦N¦5BC¦R.I¦U¦5DF809BC¦BB8895¦C7¦0
$C¦U¦5BB¦R.I¦6¦8¦6¦1C¦BB8ED4¦64A54¦T¦64A54¦1C¦E381¦0¦2DCF¦0¦6¦64A54¦Active¦G¦0¦0¦3¦0
$H¦N¦5BE¦R.I¦U¦5DF809BD¦BBAFF5¦C7¦0
$C¦U¦5BD¦R.I¦7¦6¦14¦1C¦BBB848¦65682¦T¦65682¦1C¦10CF5¦0¦2974¦0¦7¦65682¦Active¦G¦0¦0¦5¦0
$F¦U¦5BF¦R.I¦G¦1D¦BBBC33¦1D¦0¦0¦0¦0¦10¦0¦206.236
$H¦N¦5C1¦R.I¦U¦5DF809BE¦BBD722¦C7¦0
$H¦N¦5C2¦R.I¦U¦5DF809BF¦BBFE86¦C7¦0
$H¦N¦5C3¦R.I¦U¦5DF809C0¦BC25E5¦C7¦0
$H¦N¦5C4¦R.I¦U¦5DF809C1¦BC4D30¦C7¦0
$H¦N¦5C5¦R.I¦U¦5DF80C14¦BC9318¦C7¦0
$H¦N¦5C6¦R.I¦U¦5DF80C15¦BCBA80¦C7¦0
$H¦N¦5C7¦R.I¦U¦5DF80C16¦BCE1DF¦C7¦0
$H¦N¦5C8¦R.I¦U¦5DF80C17¦BD092A¦C7¦0
$H¦N¦5C9¦R.I¦U¦5DF80C18¦BD308E¦C7¦0
$H¦N¦5CA¦R.I¦U¦5DF80C19¦BD57F8¦C7¦0
$H¦N¦5CB¦R.I¦U¦5DF80C1A¦BD7F35¦C7¦0
$H¦N¦5CC¦R.I¦U¦5DF80C1B¦BDA674¦C7¦0
$H¦N¦5CD¦R.I¦U¦5DF80C1C¦BDCDAF¦C7¦0
$H¦N¦5CE¦R.I¦U¦5DF80C1D¦BDF517¦C7¦0
$H¦N¦5CF¦R.I¦U¦5DF80C1E¦BE1C6D¦C7¦0
$H¦N¦5D0¦R.I¦U¦5DF80D77¦BE5F02¦C7¦0
$H¦N¦5D1¦R.I¦U¦5DF80D78¦BE8670¦C7¦0
$H¦N¦5D2¦R.I¦U¦5DF80D79¦BEADA1¦C7¦0
$H¦N¦5D3¦R.I¦U¦5DF80D7A¦BED4D2¦C7¦0
$H¦N¦5D4¦R.I¦U¦5DF80D7B¦BEFC00¦C7¦0
$H¦N¦5D5¦R.I¦G¦5DF80D7C¦BF233E¦C7¦0
$H¦N¦5D6¦R.I¦G¦5DF80D7D¦BF4A7D¦C7¦0
$H¦N¦5D7¦R.I¦G¦5DF80D7E¦BF719A¦C7¦0
$H¦N¦5D8¦R.I¦G¦5DF80D7F¦BF98C0¦C7¦0
$H¦N¦5D9¦R.I¦G¦5DF80D80¦BFBFD2¦C6¦0
$H¦N¦5DA¦R.I¦G¦5DF80D81¦BFE6FB¦C6¦0
$H¦N¦5DB¦R.I¦G¦5DF80D82¦C00E10¦C6¦0
$H¦N¦5DC¦R.I¦G¦5DF80D83¦C0353C¦C6¦0
$H¦N¦5DD¦R.I¦G¦5DF80D84¦C05C75¦C6¦0
$H¦N¦5DE¦R.I¦G¦5DF80D85¦C083B5¦C6¦0
$H¦N¦5DF¦R.I¦G¦5DF80D86¦C0AAD9¦C6¦0
$H¦N¦5E0¦R.I¦G¦5DF80D87¦C0D1F0¦C6¦0
$H¦N¦5E1¦R.I¦G¦5DF80D88¦C0F903¦C6¦0
$C¦U¦5C0¦R.I¦1¦10¦1¦1D¦C11B2A¦66FD6¦T¦66FD6¦1D¦0¦0¦0¦0¦1¦66FD6¦Active¦G¦0¦0¦1¦1E
$H¦N¦5E3¦R.I¦G¦5DF80D89¦C12037¦C6¦0
$H¦N¦5E4¦R.I¦G¦5DF80D8A¦C14759¦C6¦0
$H¦N¦5E5¦R.I¦G¦5DF80D8B¦C16E7A¦C6¦0
$H¦N¦5E6¦R.I¦G¦5DF80D8C¦C195BE¦C6¦0
$C¦U¦5E2¦R.I¦2¦7¦8¦1D¦C1A0B2¦650FA¦T¦650FA¦1D¦8588¦0¦8588¦0¦2¦650FA¦Active¦G¦0¦0¦4¦0
$C¦U¦5E7¦R.I¦3¦9¦2¦1D¦C1ABFF¦66B10¦T¦66B10¦1D¦90D5¦0¦B4C¦0¦3¦66B10¦Active¦G¦0¦0¦2¦0
$C¦U¦5E8¦R.I¦4¦4¦11¦1D¦C1B7DE¦681F1¦T¦681F1¦1D¦9CB4¦0¦BDF¦0¦4¦681F1¦Active¦G¦0¦0¦7¦0
$H¦N¦5EA¦R.I¦G¦5DF80D8D¦C1BCF9¦C6¦0
$C¦U¦5E9¦R.I¦5¦1¦10¦1D¦C1C281¦6617C¦T¦6617C¦1D¦A757¦0¦AA2¦0¦5¦6617C¦Active¦G¦0¦0¦A¦0
$C¦U¦5EB¦R.I¦6¦8¦6¦1D¦C1D9BE¦64AE9¦T¦64AE9¦1D¦BE93¦0¦173C¦0¦6¦64AE9¦Active¦G¦0¦0¦3¦0
$H¦N¦5ED¦R.I¦G¦5DF80D8E¦C1E411¦C6¦0
$H¦N¦5EE¦R.I¦G¦5DF80D8F¦C20B4F¦C6¦0
$C¦U¦5EC¦R.I¦7¦6¦14¦1D¦C20C3B¦653F3¦T¦653F3¦1D¦F111¦0¦327D¦0¦7¦653F3¦Active¦G¦0¦0¦5¦0
$H¦N¦5EF¦R.I¦G¦5DF80D93¦C2A1DD¦C6¦0
$F¦U¦5EF¦R.I¦G¦1E¦C2A1DD¦1E¦0¦0¦0¦0¦10¦0¦206.465
$H¦N¦5F2¦R.I¦G¦5DF80D94¦C2C91E¦C6¦0
$H¦N¦5F3¦R.I¦G¦5DF80D95¦C2F034¦C6¦0
$H¦N¦5F4¦R.I¦G¦5DF80D96¦C31749¦C6¦0
$H¦N¦5F5¦R.I¦G¦5DF80D97¦C33E8E¦C6¦0
$H¦N¦5F6¦R.I¦G¦5DF80D98¦C365BF¦C6¦0
$H¦N¦5F7¦R.I¦G¦5DF80D99¦C38CE7¦C6¦0
$H¦N¦5F8¦R.I¦G¦5DF80D9A¦C3B41A¦C6¦0
$H¦N¦5F9¦R.I¦G¦5DF80D9B¦C3DB46¦C6¦0
$H¦N¦5FA¦R.I¦G¦5DF80D9C¦C4028A¦C6¦0
$H¦N¦5FB¦R.I¦G¦5DF80D9D¦C429C5¦C6¦0
$H¦N¦5FC¦R.I¦G¦5DF80D9E¦C450EF¦C6¦0
$H¦N¦5FD¦R.I¦G¦5DF80D9F¦C4781F¦C6¦0
$H¦N¦5FE¦R.I¦G¦5DF80DA0¦C49F51¦C6¦0
$H¦N¦5FF¦R.I¦G¦5DF80DA1¦C4C68A¦C6¦0
$H¦N¦600¦R.I¦G¦5DF80DA2¦C4ED9F¦C6¦0
$H¦N¦601¦R.I¦G¦5DF80DA3¦C514C3¦C6¦0
$H¦N¦602¦R.I¦G¦5DF80DA4¦C53C05¦C6¦0
$H¦N¦603¦R.I¦G¦5DF80DA5¦C56324¦C6¦0
$H¦N¦604¦R.I¦G¦5DF80DA6¦C58A6A¦C6¦0
$H¦N¦605¦R.I¦G¦5DF80DA7¦C5B18D¦C6¦0
$H¦N¦606¦R.I¦G¦5DF80DA8¦C5D8A2¦C6¦0
$H¦N¦607¦R.I¦G¦5DF80DA9¦C5FFDE¦C6¦0
$H¦N¦608¦R.I¦G¦5DF80DAA¦C62723¦C6¦0
$H¦N¦609¦R.I¦G¦5DF80DAB¦C64E60¦C6¦0
$H¦N¦60A¦R.I¦G¦5DF80DAC¦C67587¦C6¦0
$H¦N¦60B¦R.I¦G¦5DF80DAD¦C69CCC¦C6¦0
$H¦N¦60C¦R.I¦G¦5DF80DAE¦C6C3E0¦C6¦0
$H¦N¦60D¦R.I¦G¦5DF80DAF¦C6EB20¦C6¦0
$H¦N¦60E¦R.I¦G¦5DF80DB0¦C7124B¦C6¦0
$H¦N¦60F¦R.I¦G¦5DF80DB1¦C73985¦C6¦0
$H¦N¦610¦R.I¦G¦5DF80DB2¦C760B9¦C6¦0
$H¦N¦611¦R.I¦G¦5DF80DB3¦C787F7¦C6¦0
$C¦U¦5F1¦R.I¦1¦10¦1¦1E¦C78B01¦66FD6¦T¦66FD6¦1E¦0¦0¦0¦0¦1¦66FD6¦Active¦G¦0¦0¦1¦1F
$H¦N¦613¦R.I¦G¦5DF80DB4¦C7AF10¦C6¦0
$H¦N¦614¦R.I¦G¦5DF80DB5¦C7D655¦C6¦0
$H¦N¦615¦R.I¦G¦5DF80DB6¦C7FD7E¦C6¦0
$C¦U¦612¦R.I¦2¦4¦11¦1E¦C80C8F¦654B0¦T¦654B0¦1E¦818E¦0¦818E¦0¦2¦654B0¦Active¦G¦0¦0¦7¦0
$C¦U¦616¦R.I¦3¦9¦2¦1E¦C81C0D¦6700D¦T¦6700D¦1E¦910C¦0¦F7D¦0¦3¦6700D¦Active¦G¦0¦0¦2¦0
$C¦U¦617¦R.I¦4¦1¦10¦1E¦C81FB4¦65D33¦T¦65D33¦1E¦94B3¦0¦3A7¦0¦4¦65D33¦Active¦G¦0¦0¦A¦0
$H¦N¦619¦R.I¦G¦5DF80DB7¦C824AD¦C6¦0
$C¦U¦618¦R.I¦5¦7¦8¦1E¦C82CF0¦68C3D¦T¦68C3D¦1E¦A1EF¦0¦D3B¦0¦5¦68C3D¦Active¦G¦0¦0¦4¦0
$C¦U¦61A¦R.I¦6¦8¦6¦1E¦C83599¦65BDB¦T¦65BDB¦1E¦AA98¦0¦8A8¦0¦6¦65BDB¦Active¦G¦0¦0¦3¦0
$H¦N¦61C¦R.I¦G¦5DF80DB8¦C84BE7¦C5¦0
$C¦U¦61B¦R.I¦7¦6¦14¦1E¦C85FD9¦6539D¦T¦6539D¦1E¦D4D8¦0¦2A3F¦0¦7¦6539D¦Active¦G¦0¦0¦5¦0
$H¦N¦61D¦R.I¦G¦5DF80DB9¦C8732C¦C5¦0
